2023-02-09 19:24:27
Since your browser does not support JavaScript,
You do not have Javascript enabled.
Single Sign-Off
Seagate Login
2023-02-09 19:25:32
Since your browser does not support JavaScript,
You do not have Javascript enabled.
Single Sign-Off
Seagate Login
2023-02-09 19:26:38
Since your browser does not support JavaScript,
You do not have Javascript enabled.
Single Sign-Off
Seagate Login
2023-02-09 19:27:44
Since your browser does not support JavaScript,
You do not have Javascript enabled.
Single Sign-Off
Seagate Login
2023-02-09 19:28:50
Since your browser does not support JavaScript,
You do not have Javascript enabled.
Single Sign-Off
Seagate Login
2023-02-09 19:29:55
Since your browser does not support JavaScript,
You do not have Javascript enabled.
Single Sign-Off
Seagate Login
2023-02-09 19:30:59
Since your browser does not support JavaScript,
You do not have Javascript enabled.
Single Sign-Off
Seagate Login
2023-02-09 19:32:04
Since your browser does not support JavaScript,
You do not have Javascript enabled.
Single Sign-Off
Seagate Login
2023-02-09 19:33:08
Since your browser does not support JavaScript,
You do not have Javascript enabled.
Single Sign-Off
Seagate Login
2023-02-09 19:34:12
Since your browser does not support JavaScript,
You do not have Javascript enabled.
Single Sign-Off
Seagate Login
2023-02-09 19:35:16
Since your browser does not support JavaScript,
You do not have Javascript enabled.
Single Sign-Off
Seagate Login
2023-02-09 19:36:22
Since your browser does not support JavaScript,
You do not have Javascript enabled.
Single Sign-Off
Seagate Login
2023-02-09 19:37:27
Since your browser does not support JavaScript,
You do not have Javascript enabled.
Single Sign-Off
Seagate Login
2023-02-09 19:38:32
Since your browser does not support JavaScript,
You do not have Javascript enabled.
Single Sign-Off
Seagate Login
2023-02-09 19:39:38
Since your browser does not support JavaScript,
You do not have Javascript enabled.
Single Sign-Off
Seagate Login
2023-02-09 19:40:42
Since your browser does not support JavaScript,
You do not have Javascript enabled.
Single Sign-Off
Seagate Login
2023-02-09 19:41:47
Since your browser does not support JavaScript,
You do not have Javascript enabled.
Single Sign-Off
Seagate Login
2023-02-09 19:42:51
Since your browser does not support JavaScript,
You do not have Javascript enabled.
Single Sign-Off
Seagate Login
2023-02-09 19:43:56
Since your browser does not support JavaScript,
You do not have Javascript enabled.
Single Sign-Off
Seagate Login
2023-02-09 19:45:01
Since your browser does not support JavaScript,
You do not have Javascript enabled.
Single Sign-Off
Seagate Login
2023-02-09 19:46:06
Since your browser does not support JavaScript,
You do not have Javascript enabled.
Single Sign-Off
Seagate Login
2023-02-09 19:47:10
Since your browser does not support JavaScript,
You do not have Javascript enabled.
Single Sign-Off
Seagate Login
2023-02-09 19:48:16
Since your browser does not support JavaScript,
You do not have Javascript enabled.
Single Sign-Off
Seagate Login
2023-02-09 19:49:21
Since your browser does not support JavaScript,
You do not have Javascript enabled.
Single Sign-Off
Seagate Login
2023-02-09 19:50:27
Since your browser does not support JavaScript,
You do not have Javascript enabled.
Single Sign-Off
Seagate Login
2023-02-09 19:51:33
Since your browser does not support JavaScript,
You do not have Javascript enabled.
Single Sign-Off
Seagate Login
2023-02-09 19:52:38
Since your browser does not support JavaScript,
You do not have Javascript enabled.
Single Sign-Off
Seagate Login
2023-02-09 19:53:42
Since your browser does not support JavaScript,
You do not have Javascript enabled.
Single Sign-Off
Seagate Login
2023-02-09 19:54:46
Since your browser does not support JavaScript,
You do not have Javascript enabled.
Single Sign-Off
Seagate Login
2023-02-09 19:55:51
Since your browser does not support JavaScript,
You do not have Javascript enabled.
Single Sign-Off
Seagate Login
2023-02-09 19:56:56
Since your browser does not support JavaScript,
You do not have Javascript enabled.
Single Sign-Off
Seagate Login
2023-02-09 19:58:00
Since your browser does not support JavaScript,
You do not have Javascript enabled.
Single Sign-Off
Seagate Login
2023-02-09 19:59:05
Since your browser does not support JavaScript,
You do not have Javascript enabled.
Single Sign-Off
Seagate Login
2023-02-09 20:00:10
Since your browser does not support JavaScript,
You do not have Javascript enabled.
Single Sign-Off
Seagate Login
2023-02-09 20:01:15
Since your browser does not support JavaScript,
You do not have Javascript enabled.
Single Sign-Off
Seagate Login
2023-02-09 20:02:22
Since your browser does not support JavaScript,
You do not have Javascript enabled.
Single Sign-Off
Seagate Login
2023-02-09 20:03:27
Since your browser does not support JavaScript,
You do not have Javascript enabled.
Single Sign-Off
Seagate Login
2023-02-09 20:04:32
Since your browser does not support JavaScript,
You do not have Javascript enabled.
Single Sign-Off
Seagate Login
2023-02-09 20:05:36
Since your browser does not support JavaScript,
You do not have Javascript enabled.
Single Sign-Off
Seagate Login
2023-02-09 20:06:40
Since your browser does not support JavaScript,
You do not have Javascript enabled.
Single Sign-Off
Seagate Login
2023-02-09 20:07:44
Since your browser does not support JavaScript,
You do not have Javascript enabled.
Single Sign-Off
Seagate Login
2023-02-09 20:08:48
Since your browser does not support JavaScript,
You do not have Javascript enabled.
Single Sign-Off
Seagate Login
2023-02-09 20:09:53
Since your browser does not support JavaScript,
You do not have Javascript enabled.
Single Sign-Off
Seagate Login
2023-02-09 20:10:58
Since your browser does not support JavaScript,
You do not have Javascript enabled.
Single Sign-Off
Seagate Login
2023-02-09 20:12:03
Since your browser does not support JavaScript,
You do not have Javascript enabled.
Single Sign-Off
Seagate Login
2023-02-09 20:13:07
Since your browser does not support JavaScript,
You do not have Javascript enabled.
Single Sign-Off
Seagate Login
2023-02-09 20:14:12
Since your browser does not support JavaScript,
You do not have Javascript enabled.
Single Sign-Off
Seagate Login
2023-02-09 20:15:16
Since your browser does not support JavaScript,
You do not have Javascript enabled.
Single Sign-Off
Seagate Login
2023-02-09 20:16:22
Since your browser does not support JavaScript,
You do not have Javascript enabled.
Single Sign-Off
Seagate Login
2023-02-09 20:17:27
Since your browser does not support JavaScript,
You do not have Javascript enabled.
Single Sign-Off
Seagate Login
2023-02-09 20:18:32
Since your browser does not support JavaScript,
You do not have Javascript enabled.
Single Sign-Off
Seagate Login
2023-02-09 20:19:37
Since your browser does not support JavaScript,
You do not have Javascript enabled.
Single Sign-Off
Seagate Login
2023-02-09 20:20:43
Since your browser does not support JavaScript,
You do not have Javascript enabled.
Single Sign-Off
Seagate Login
2023-02-09 20:21:47
Since your browser does not support JavaScript,
You do not have Javascript enabled.
Single Sign-Off
Seagate Login
2023-02-09 20:22:53
Since your browser does not support JavaScript,
You do not have Javascript enabled.
Single Sign-Off
Seagate Login
2023-02-09 20:24:00
Since your browser does not support JavaScript,
You do not have Javascript enabled.
Single Sign-Off
Seagate Login
2023-02-09 20:25:04
Since your browser does not support JavaScript,
You do not have Javascript enabled.
Single Sign-Off
Seagate Login
2023-02-09 20:26:10
Since your browser does not support JavaScript,
You do not have Javascript enabled.
Single Sign-Off
Seagate Login
2023-02-09 20:27:15
Since your browser does not support JavaScript,
You do not have Javascript enabled.
Single Sign-Off
Seagate Login
2023-02-09 20:28:22
Since your browser does not support JavaScript,
You do not have Javascript enabled.
Single Sign-Off
Seagate Login
2023-02-09 20:29:27
Since your browser does not support JavaScript,
You do not have Javascript enabled.
Single Sign-Off
Seagate Login
2023-02-09 20:30:32
Since your browser does not support JavaScript,
You do not have Javascript enabled.
Single Sign-Off
Seagate Login
2023-02-09 20:31:37
Since your browser does not support JavaScript,
You do not have Javascript enabled.
Single Sign-Off
Seagate Login
2023-02-09 20:32:44
Since your browser does not support JavaScript,
You do not have Javascript enabled.
Single Sign-Off
Seagate Login
2023-02-09 20:33:49
Since your browser does not support JavaScript,
You do not have Javascript enabled.
Single Sign-Off
Seagate Login
2023-02-09 20:34:55
Since your browser does not support JavaScript,
You do not have Javascript enabled.
Single Sign-Off
Seagate Login
2023-02-09 20:36:00
Since your browser does not support JavaScript,
You do not have Javascript enabled.
Single Sign-Off
Seagate Login
2023-02-09 20:37:06
Since your browser does not support JavaScript,
You do not have Javascript enabled.
Single Sign-Off
Seagate Login
2023-02-09 20:38:11
Since your browser does not support JavaScript,
You do not have Javascript enabled.
Single Sign-Off
Seagate Login
2023-02-09 20:39:16
Since your browser does not support JavaScript,
You do not have Javascript enabled.
Single Sign-Off
Seagate Login
2023-02-09 20:40:21
Since your browser does not support JavaScript,
You do not have Javascript enabled.
Single Sign-Off
Seagate Login
2023-02-09 20:41:26
Since your browser does not support JavaScript,
You do not have Javascript enabled.
Single Sign-Off
Seagate Login
2023-02-09 20:42:31
Since your browser does not support JavaScript,
You do not have Javascript enabled.
Single Sign-Off
Seagate Login
2023-02-09 20:43:35
Since your browser does not support JavaScript,
You do not have Javascript enabled.
Single Sign-Off
Seagate Login
2023-02-09 20:44:40
Since your browser does not support JavaScript,
You do not have Javascript enabled.
Single Sign-Off
Seagate Login
2023-02-09 20:45:44
Since your browser does not support JavaScript,
You do not have Javascript enabled.
Single Sign-Off
Seagate Login
2023-02-09 20:46:49
Since your browser does not support JavaScript,
You do not have Javascript enabled.
Single Sign-Off
Seagate Login
2023-02-09 20:47:53
Since your browser does not support JavaScript,
You do not have Javascript enabled.
Single Sign-Off
Seagate Login
2023-02-09 20:48:58
Since your browser does not support JavaScript,
You do not have Javascript enabled.
Single Sign-Off
Seagate Login
2023-02-09 20:50:03
Since your browser does not support JavaScript,
You do not have Javascript enabled.
Single Sign-Off
Seagate Login
2023-02-09 20:51:08
Since your browser does not support JavaScript,
You do not have Javascript enabled.
Single Sign-Off
Seagate Login
2023-02-09 20:52:16
Since your browser does not support JavaScript,
You do not have Javascript enabled.
Single Sign-Off
Seagate Login
2023-02-09 20:53:22
Since your browser does not support JavaScript,
You do not have Javascript enabled.
Single Sign-Off
Seagate Login
2023-02-09 20:54:28
Since your browser does not support JavaScript,
You do not have Javascript enabled.
Single Sign-Off
Seagate Login
2023-02-09 20:55:33
Since your browser does not support JavaScript,
You do not have Javascript enabled.
Single Sign-Off
Seagate Login
2023-02-09 20:56:38
Since your browser does not support JavaScript,
You do not have Javascript enabled.
Single Sign-Off
Seagate Login
2023-02-09 20:57:44
Since your browser does not support JavaScript,
You do not have Javascript enabled.
Single Sign-Off
Seagate Login
2023-02-09 20:58:49
Since your browser does not support JavaScript,
You do not have Javascript enabled.
Single Sign-Off
Seagate Login
2023-02-09 20:59:53
Since your browser does not support JavaScript,
You do not have Javascript enabled.
Single Sign-Off
Seagate Login
2023-02-09 21:00:58
Since your browser does not support JavaScript,
You do not have Javascript enabled.
Single Sign-Off
Seagate Login
2023-02-09 21:02:03
Since your browser does not support JavaScript,
You do not have Javascript enabled.
Single Sign-Off
Seagate Login
2023-02-09 21:03:07
Since your browser does not support JavaScript,
You do not have Javascript enabled.
Single Sign-Off
Seagate Login
2023-02-09 21:04:14
Since your browser does not support JavaScript,
You do not have Javascript enabled.
Single Sign-Off
Seagate Login
2023-02-09 21:05:19
Since your browser does not support JavaScript,
You do not have Javascript enabled.
Single Sign-Off
Seagate Login
2023-02-09 21:06:26
Since your browser does not support JavaScript,
You do not have Javascript enabled.
Single Sign-Off
Seagate Login
2023-02-09 21:07:30
Since your browser does not support JavaScript,
You do not have Javascript enabled.
Single Sign-Off
Seagate Login
2023-02-09 21:08:35
Since your browser does not support JavaScript,
You do not have Javascript enabled.
Single Sign-Off
Seagate Login
2023-02-09 21:09:41
Since your browser does not support JavaScript,
You do not have Javascript enabled.
Single Sign-Off
Seagate Login
2023-02-09 21:10:45
Since your browser does not support JavaScript,
You do not have Javascript enabled.
Single Sign-Off
Seagate Login
2023-02-09 21:11:52
Since your browser does not support JavaScript,
You do not have Javascript enabled.
Single Sign-Off
Seagate Login
2023-02-09 21:12:57
Since your browser does not support JavaScript,
You do not have Javascript enabled.
Single Sign-Off
Seagate Login
2023-02-09 21:14:02
Since your browser does not support JavaScript,
You do not have Javascript enabled.
Single Sign-Off
Seagate Login
2023-02-09 21:15:07
Since your browser does not support JavaScript,
You do not have Javascript enabled.
Single Sign-Off
Seagate Login
2023-02-09 21:16:11
Since your browser does not support JavaScript,
You do not have Javascript enabled.
Single Sign-Off
Seagate Login
2023-02-09 21:17:18
Since your browser does not support JavaScript,
You do not have Javascript enabled.
Single Sign-Off
Seagate Login
2023-02-09 21:18:23
Since your browser does not support JavaScript,
You do not have Javascript enabled.
Single Sign-Off
Seagate Login
2023-02-09 21:19:28
Since your browser does not support JavaScript,
You do not have Javascript enabled.
Single Sign-Off
Seagate Login
2023-02-09 21:20:33
Since your browser does not support JavaScript,
You do not have Javascript enabled.
Single Sign-Off
Seagate Login
2023-02-09 21:21:38
Since your browser does not support JavaScript,
You do not have Javascript enabled.
Single Sign-Off
Seagate Login
2023-02-09 21:22:43
Since your browser does not support JavaScript,
You do not have Javascript enabled.
Single Sign-Off
Seagate Login
2023-02-09 21:23:48
Since your browser does not support JavaScript,
You do not have Javascript enabled.
Single Sign-Off
Seagate Login
2023-02-09 21:24:53
Since your browser does not support JavaScript,
You do not have Javascript enabled.
Single Sign-Off
Seagate Login
2023-02-09 21:25:57
Since your browser does not support JavaScript,
You do not have Javascript enabled.
Single Sign-Off
Seagate Login
2023-02-09 21:27:02
Since your browser does not support JavaScript,
You do not have Javascript enabled.
Single Sign-Off
Seagate Login
2023-02-09 21:28:09
Since your browser does not support JavaScript,
You do not have Javascript enabled.
Single Sign-Off
Seagate Login
2023-02-09 21:29:14
Since your browser does not support JavaScript,
You do not have Javascript enabled.
Single Sign-Off
Seagate Login
2023-02-09 21:30:19
Since your browser does not support JavaScript,
You do not have Javascript enabled.
Single Sign-Off
Seagate Login
2023-02-09 21:31:24
Since your browser does not support JavaScript,
You do not have Javascript enabled.
Single Sign-Off
Seagate Login
2023-02-09 21:32:31
Since your browser does not support JavaScript,
You do not have Javascript enabled.
Single Sign-Off
Seagate Login
2023-02-09 21:33:38
Since your browser does not support JavaScript,
You do not have Javascript enabled.
Single Sign-Off
Seagate Login
2023-02-09 21:34:44
Since your browser does not support JavaScript,
You do not have Javascript enabled.
Single Sign-Off
Seagate Login
2023-02-09 21:35:50
Since your browser does not support JavaScript,
You do not have Javascript enabled.
Single Sign-Off
Seagate Login
2023-02-09 21:36:54
Since your browser does not support JavaScript,
You do not have Javascript enabled.
Single Sign-Off
Seagate Login
2023-02-09 21:37:58
Since your browser does not support JavaScript,
You do not have Javascript enabled.
Single Sign-Off
Seagate Login
2023-02-09 21:39:03
Since your browser does not support JavaScript,
You do not have Javascript enabled.
Single Sign-Off
Seagate Login
2023-02-09 21:40:08
Since your browser does not support JavaScript,
You do not have Javascript enabled.
Single Sign-Off
Seagate Login
2023-02-09 21:41:18
Since your browser does not support JavaScript,
You do not have Javascript enabled.
Single Sign-Off
Seagate Login
2023-02-09 21:42:23
Since your browser does not support JavaScript,
You do not have Javascript enabled.
Single Sign-Off
Seagate Login
2023-02-09 21:43:29
Since your browser does not support JavaScript,
You do not have Javascript enabled.
Single Sign-Off
Seagate Login
2023-02-09 21:44:35
Since your browser does not support JavaScript,
You do not have Javascript enabled.
Single Sign-Off
Seagate Login
2023-02-09 21:45:40
Since your browser does not support JavaScript,
You do not have Javascript enabled.
Single Sign-Off
Seagate Login
2023-02-09 21:46:46
Since your browser does not support JavaScript,
You do not have Javascript enabled.
Single Sign-Off
Seagate Login
2023-02-09 21:47:51
Since your browser does not support JavaScript,
You do not have Javascript enabled.
Single Sign-Off
Seagate Login
2023-02-09 21:48:55
Since your browser does not support JavaScript,
You do not have Javascript enabled.
Single Sign-Off
Seagate Login
2023-02-09 21:49:59
Since your browser does not support JavaScript,
You do not have Javascript enabled.
Single Sign-Off
Seagate Login
2023-02-09 21:51:05
Since your browser does not support JavaScript,
You do not have Javascript enabled.
Single Sign-Off
Seagate Login
2023-02-09 21:52:10
Since your browser does not support JavaScript,
You do not have Javascript enabled.
Single Sign-Off
Seagate Login
2023-02-09 21:53:15
Since your browser does not support JavaScript,
You do not have Javascript enabled.
Single Sign-Off
Seagate Login
2023-02-09 21:54:20
Since your browser does not support JavaScript,
You do not have Javascript enabled.
Single Sign-Off
Seagate Login
2023-02-09 21:55:26
Since your browser does not support JavaScript,
You do not have Javascript enabled.
Single Sign-Off
Seagate Login
2023-02-09 21:56:31
Since your browser does not support JavaScript,
You do not have Javascript enabled.
Single Sign-Off
Seagate Login
2023-02-09 21:57:37
Since your browser does not support JavaScript,
You do not have Javascript enabled.
Single Sign-Off
Seagate Login
2023-02-09 21:58:43
Since your browser does not support JavaScript,
You do not have Javascript enabled.
Single Sign-Off
Seagate Login
2023-02-09 21:59:48
Since your browser does not support JavaScript,
You do not have Javascript enabled.
Single Sign-Off
Seagate Login
2023-02-09 22:00:56
Since your browser does not support JavaScript,
You do not have Javascript enabled.
Single Sign-Off
Seagate Login
2023-02-09 22:02:02
Since your browser does not support JavaScript,
You do not have Javascript enabled.
Single Sign-Off
Seagate Login
2023-02-09 22:03:07
Since your browser does not support JavaScript,
You do not have Javascript enabled.
Single Sign-Off
Seagate Login
2023-02-09 22:04:13
Since your browser does not support JavaScript,
You do not have Javascript enabled.
Single Sign-Off
Seagate Login
2023-02-09 22:05:20
Since your browser does not support JavaScript,
You do not have Javascript enabled.
Single Sign-Off
Seagate Login
2023-02-09 22:06:27
Since your browser does not support JavaScript,
You do not have Javascript enabled.
Single Sign-Off
Seagate Login
2023-02-09 22:07:32
Since your browser does not support JavaScript,
You do not have Javascript enabled.
Single Sign-Off
Seagate Login
2023-02-09 22:08:40
Since your browser does not support JavaScript,
You do not have Javascript enabled.
Single Sign-Off
Seagate Login
2023-02-09 22:09:46
Since your browser does not support JavaScript,
You do not have Javascript enabled.
Single Sign-Off
Seagate Login
2023-02-09 22:10:52
Since your browser does not support JavaScript,
You do not have Javascript enabled.
Single Sign-Off
Seagate Login
2023-02-09 22:11:58
Since your browser does not support JavaScript,
You do not have Javascript enabled.
Single Sign-Off
Seagate Login
2023-02-09 22:13:02
Since your browser does not support JavaScript,
You do not have Javascript enabled.
Single Sign-Off
Seagate Login
2023-02-09 22:14:07
Since your browser does not support JavaScript,
You do not have Javascript enabled.
Single Sign-Off
Seagate Login
2023-02-09 22:15:11
Since your browser does not support JavaScript,
You do not have Javascript enabled.
Single Sign-Off
Seagate Login
2023-02-09 22:16:15
Since your browser does not support JavaScript,
You do not have Javascript enabled.
Single Sign-Off
Seagate Login
2023-02-09 22:17:19
Since your browser does not support JavaScript,
You do not have Javascript enabled.
Single Sign-Off
Seagate Login
2023-02-09 22:18:24
Since your browser does not support JavaScript,
You do not have Javascript enabled.
Single Sign-Off
Seagate Login
2023-02-09 22:19:29
Since your browser does not support JavaScript,
You do not have Javascript enabled.
Single Sign-Off
Seagate Login
2023-02-09 22:20:34
Since your browser does not support JavaScript,
You do not have Javascript enabled.
Single Sign-Off
Seagate Login
2023-02-09 22:21:39
Since your browser does not support JavaScript,
You do not have Javascript enabled.
Single Sign-Off
Seagate Login
2023-02-09 22:22:43
Since your browser does not support JavaScript,
You do not have Javascript enabled.
Single Sign-Off
Seagate Login
2023-02-09 22:23:48
Since your browser does not support JavaScript,
You do not have Javascript enabled.
Single Sign-Off
Seagate Login
2023-02-09 22:24:53
Since your browser does not support JavaScript,
You do not have Javascript enabled.
Single Sign-Off
Seagate Login
2023-02-09 22:26:02
Since your browser does not support JavaScript,
You do not have Javascript enabled.
Single Sign-Off
Seagate Login
2023-02-09 22:27:10
Since your browser does not support JavaScript,
You do not have Javascript enabled.
Single Sign-Off
Seagate Login
2023-02-09 22:28:15
Since your browser does not support JavaScript,
You do not have Javascript enabled.
Single Sign-Off
Seagate Login
2023-02-09 22:29:21
Since your browser does not support JavaScript,
You do not have Javascript enabled.
Single Sign-Off
Seagate Login
2023-02-09 22:30:28
Since your browser does not support JavaScript,
You do not have Javascript enabled.
Single Sign-Off
Seagate Login
2023-02-09 22:31:34
Since your browser does not support JavaScript,
You do not have Javascript enabled.
Single Sign-Off
Seagate Login
2023-02-09 22:32:39
Since your browser does not support JavaScript,
You do not have Javascript enabled.
Single Sign-Off
Seagate Login
2023-02-09 22:33:44
Since your browser does not support JavaScript,
You do not have Javascript enabled.
Single Sign-Off
Seagate Login
2023-02-09 22:34:47
Since your browser does not support JavaScript,
You do not have Javascript enabled.
Single Sign-Off
Seagate Login
2023-02-09 22:35:53
Since your browser does not support JavaScript,
You do not have Javascript enabled.
Single Sign-Off
Seagate Login
2023-02-09 22:36:57
Since your browser does not support JavaScript,
You do not have Javascript enabled.
Single Sign-Off
Seagate Login
2023-02-09 22:38:02
Since your browser does not support JavaScript,
You do not have Javascript enabled.
Single Sign-Off
Seagate Login
2023-02-09 22:39:06
Since your browser does not support JavaScript,
You do not have Javascript enabled.
Single Sign-Off
Seagate Login
2023-02-09 22:40:11
Since your browser does not support JavaScript,
You do not have Javascript enabled.
Single Sign-Off
Seagate Login
2023-02-09 22:41:16
Since your browser does not support JavaScript,
You do not have Javascript enabled.
Single Sign-Off
Seagate Login
2023-02-09 22:42:20
Since your browser does not support JavaScript,
You do not have Javascript enabled.
Single Sign-Off
Seagate Login
2023-02-09 22:43:25
Since your browser does not support JavaScript,
You do not have Javascript enabled.
Single Sign-Off
Seagate Login
2023-02-09 22:44:29
Since your browser does not support JavaScript,
You do not have Javascript enabled.
Single Sign-Off
Seagate Login
2023-02-09 22:45:36
Since your browser does not support JavaScript,
You do not have Javascript enabled.
Single Sign-Off
Seagate Login
2023-02-09 22:46:41
Since your browser does not support JavaScript,
You do not have Javascript enabled.
Single Sign-Off
Seagate Login
2023-02-09 22:47:46
Since your browser does not support JavaScript,
You do not have Javascript enabled.
Single Sign-Off
Seagate Login
2023-02-09 22:48:51
Since your browser does not support JavaScript,
You do not have Javascript enabled.
Single Sign-Off
Seagate Login
2023-02-09 22:49:57
Since your browser does not support JavaScript,
You do not have Javascript enabled.
Single Sign-Off
Seagate Login
2023-02-09 22:51:03
Since your browser does not support JavaScript,
You do not have Javascript enabled.
Single Sign-Off
Seagate Login
2023-02-09 22:52:08
Since your browser does not support JavaScript,
You do not have Javascript enabled.
Single Sign-Off
Seagate Login
2023-02-09 22:53:13
Since your browser does not support JavaScript,
You do not have Javascript enabled.
Single Sign-Off
Seagate Login
2023-02-09 22:54:19
Since your browser does not support JavaScript,
You do not have Javascript enabled.
Single Sign-Off
Seagate Login
2023-02-09 22:55:26
Since your browser does not support JavaScript,
You do not have Javascript enabled.
Single Sign-Off
Seagate Login
2023-02-09 22:56:33
Since your browser does not support JavaScript,
You do not have Javascript enabled.
Single Sign-Off
Seagate Login
2023-02-09 22:57:39
Since your browser does not support JavaScript,
You do not have Javascript enabled.
Single Sign-Off
Seagate Login
2023-02-09 22:58:44
Since your browser does not support JavaScript,
You do not have Javascript enabled.
Single Sign-Off
Seagate Login
2023-02-09 22:59:49
Since your browser does not support JavaScript,
You do not have Javascript enabled.
Single Sign-Off
Seagate Login
2023-02-09 23:00:53
Since your browser does not support JavaScript,
You do not have Javascript enabled.
Single Sign-Off
Seagate Login
2023-02-09 23:01:58
Since your browser does not support JavaScript,
You do not have Javascript enabled.
Single Sign-Off
Seagate Login
2023-02-09 23:03:03
Since your browser does not support JavaScript,
You do not have Javascript enabled.
Single Sign-Off
Seagate Login
2023-02-09 23:04:08
Since your browser does not support JavaScript,
You do not have Javascript enabled.
Single Sign-Off
Seagate Login
2023-02-09 23:05:15
Since your browser does not support JavaScript,
You do not have Javascript enabled.
Single Sign-Off
Seagate Login
2023-02-09 23:06:22
Since your browser does not support JavaScript,
You do not have Javascript enabled.
Single Sign-Off
Seagate Login
2023-02-09 23:07:28
Since your browser does not support JavaScript,
You do not have Javascript enabled.
Single Sign-Off
Seagate Login
2023-02-09 23:08:34
Since your browser does not support JavaScript,
You do not have Javascript enabled.
Single Sign-Off
Seagate Login
2023-02-09 23:09:41
Since your browser does not support JavaScript,
You do not have Javascript enabled.
Single Sign-Off
Seagate Login
2023-02-09 23:10:47
Since your browser does not support JavaScript,
You do not have Javascript enabled.
Single Sign-Off
Seagate Login
2023-02-09 23:11:52
Since your browser does not support JavaScript,
You do not have Javascript enabled.
Single Sign-Off
Seagate Login
2023-02-09 23:13:01
Since your browser does not support JavaScript,
You do not have Javascript enabled.
Single Sign-Off
Seagate Login
2023-02-09 23:14:07
Since your browser does not support JavaScript,
You do not have Javascript enabled.
Single Sign-Off
Seagate Login
2023-02-09 23:15:13
Since your browser does not support JavaScript,
You do not have Javascript enabled.
Single Sign-Off
Seagate Login
2023-02-09 23:16:17
Since your browser does not support JavaScript,
You do not have Javascript enabled.
Single Sign-Off
Seagate Login
2023-02-09 23:17:22
Since your browser does not support JavaScript,
You do not have Javascript enabled.
Single Sign-Off
Seagate Login
2023-02-09 23:18:26
Since your browser does not support JavaScript,
You do not have Javascript enabled.
Single Sign-Off
Seagate Login
2023-02-09 23:19:32
Since your browser does not support JavaScript,
You do not have Javascript enabled.
Single Sign-Off
Seagate Login
2023-02-09 23:20:37
Since your browser does not support JavaScript,
You do not have Javascript enabled.
Single Sign-Off
Seagate Login
2023-02-09 23:21:42
Since your browser does not support JavaScript,
You do not have Javascript enabled.
Single Sign-Off
Seagate Login
2023-02-09 23:22:47
Since your browser does not support JavaScript,
You do not have Javascript enabled.
Single Sign-Off
Seagate Login
2023-02-09 23:23:51
Since your browser does not support JavaScript,
You do not have Javascript enabled.
Single Sign-Off
Seagate Login
2023-02-09 23:24:58
Since your browser does not support JavaScript,
You do not have Javascript enabled.
Single Sign-Off
Seagate Login
2023-02-09 23:26:03
Since your browser does not support JavaScript,
You do not have Javascript enabled.
Single Sign-Off
Seagate Login
2023-02-09 23:27:07
Since your browser does not support JavaScript,
You do not have Javascript enabled.
Single Sign-Off
Seagate Login
2023-02-09 23:28:12
Since your browser does not support JavaScript,
You do not have Javascript enabled.
Single Sign-Off
Seagate Login
2023-02-09 23:29:16
Since your browser does not support JavaScript,
You do not have Javascript enabled.
Single Sign-Off
Seagate Login
2023-02-09 23:30:22
Since your browser does not support JavaScript,
You do not have Javascript enabled.
Single Sign-Off
Seagate Login
2023-02-09 23:31:28
Since your browser does not support JavaScript,
You do not have Javascript enabled.
Single Sign-Off
Seagate Login
2023-02-09 23:32:35
Since your browser does not support JavaScript,
You do not have Javascript enabled.
Single Sign-Off
Seagate Login
2023-02-09 23:33:40
Since your browser does not support JavaScript,
You do not have Javascript enabled.
Single Sign-Off
Seagate Login
2023-02-09 23:34:46
Since your browser does not support JavaScript,
You do not have Javascript enabled.
Single Sign-Off
Seagate Login
2023-02-09 23:35:50
Since your browser does not support JavaScript,
You do not have Javascript enabled.
Single Sign-Off
Seagate Login
2023-02-09 23:36:55
Since your browser does not support JavaScript,
You do not have Javascript enabled.
Single Sign-Off
Seagate Login
2023-02-09 23:38:00
Since your browser does not support JavaScript,
You do not have Javascript enabled.
Single Sign-Off
Seagate Login
2023-02-09 23:39:05
Since your browser does not support JavaScript,
You do not have Javascript enabled.
Single Sign-Off
Seagate Login
2023-02-09 23:40:11
Since your browser does not support JavaScript,
You do not have Javascript enabled.
Single Sign-Off
Seagate Login
2023-02-09 23:41:17
Since your browser does not support JavaScript,
You do not have Javascript enabled.
Single Sign-Off
Seagate Login
2023-02-09 23:42:22
Since your browser does not support JavaScript,
You do not have Javascript enabled.
Single Sign-Off
Seagate Login
2023-02-09 23:43:28
Since your browser does not support JavaScript,
You do not have Javascript enabled.
Single Sign-Off
Seagate Login
2023-02-09 23:44:34
Request failed with status code:  404
Traceback (most recent call last):
  File "C:\Users\930259\Downloads\DEV\curl\curl_script.py", line 71, in <module>
    url = "https://program.seagate.com" + var_url
NameError: name 'var_url' is not defined
2023-02-09 23:45:35
Since your browser does not support JavaScript,
You do not have Javascript enabled.
Single Sign-Off
Seagate Login
2023-02-09 23:46:41
Since your browser does not support JavaScript,
You do not have Javascript enabled.
Single Sign-Off
Seagate Login
2023-02-09 23:47:45
Since your browser does not support JavaScript,
You do not have Javascript enabled.
Single Sign-Off
Seagate Login
2023-02-09 23:48:50
Since your browser does not support JavaScript,
You do not have Javascript enabled.
Single Sign-Off
Seagate Login
2023-02-09 23:49:54
Since your browser does not support JavaScript,
You do not have Javascript enabled.
Single Sign-Off
Seagate Login
2023-02-09 23:50:59
Since your browser does not support JavaScript,
You do not have Javascript enabled.
Single Sign-Off
Seagate Login
2023-02-09 23:52:04
Since your browser does not support JavaScript,
You do not have Javascript enabled.
Single Sign-Off
Seagate Login
2023-02-09 23:53:09
Since your browser does not support JavaScript,
You do not have Javascript enabled.
Single Sign-Off
Seagate Login
2023-02-09 23:54:13
Since your browser does not support JavaScript,
You do not have Javascript enabled.
Single Sign-Off
Seagate Login
2023-02-09 23:55:18
Since your browser does not support JavaScript,
You do not have Javascript enabled.
Single Sign-Off
Seagate Login
2023-02-09 23:56:22
Since your browser does not support JavaScript,
You do not have Javascript enabled.
Single Sign-Off
Seagate Login
2023-02-09 23:57:27
Since your browser does not support JavaScript,
You do not have Javascript enabled.
Single Sign-Off
Seagate Login
2023-02-09 23:58:32
Since your browser does not support JavaScript,
You do not have Javascript enabled.
Single Sign-Off
Seagate Login
2023-02-09 23:59:36
Since your browser does not support JavaScript,
You do not have Javascript enabled.
Single Sign-Off
Seagate Login
2023-02-10 00:00:40
Since your browser does not support JavaScript,
You do not have Javascript enabled.
Single Sign-Off
Seagate Login
2023-02-10 00:01:46
Since your browser does not support JavaScript,
You do not have Javascript enabled.
Single Sign-Off
Seagate Login
2023-02-10 00:02:50
Since your browser does not support JavaScript,
You do not have Javascript enabled.
Single Sign-Off
Seagate Login
2023-02-10 00:03:54
Since your browser does not support JavaScript,
You do not have Javascript enabled.
Single Sign-Off
Seagate Login
2023-02-10 00:04:59
Since your browser does not support JavaScript,
You do not have Javascript enabled.
Single Sign-Off
Seagate Login
2023-02-10 00:06:04
Since your browser does not support JavaScript,
You do not have Javascript enabled.
Single Sign-Off
Seagate Login
2023-02-10 00:07:09
Since your browser does not support JavaScript,
You do not have Javascript enabled.
Single Sign-Off
Seagate Login
2023-02-10 00:08:14
Since your browser does not support JavaScript,
You do not have Javascript enabled.
Single Sign-Off
Seagate Login
2023-02-10 00:09:18
Since your browser does not support JavaScript,
You do not have Javascript enabled.
Single Sign-Off
Seagate Login
2023-02-10 00:10:24
Since your browser does not support JavaScript,
You do not have Javascript enabled.
Single Sign-Off
Seagate Login
2023-02-10 00:11:29
Since your browser does not support JavaScript,
You do not have Javascript enabled.
Single Sign-Off
Seagate Login
2023-02-10 00:12:34
Since your browser does not support JavaScript,
You do not have Javascript enabled.
Single Sign-Off
Seagate Login
2023-02-10 00:13:38
Since your browser does not support JavaScript,
You do not have Javascript enabled.
Single Sign-Off
Seagate Login
2023-02-10 00:14:43
Since your browser does not support JavaScript,
You do not have Javascript enabled.
Single Sign-Off
Seagate Login
2023-02-10 00:15:48
Since your browser does not support JavaScript,
You do not have Javascript enabled.
Single Sign-Off
Seagate Login
2023-02-10 00:16:54
Since your browser does not support JavaScript,
You do not have Javascript enabled.
Single Sign-Off
Seagate Login
2023-02-10 00:17:57
Since your browser does not support JavaScript,
You do not have Javascript enabled.
Single Sign-Off
Seagate Login
2023-02-10 00:19:01
Since your browser does not support JavaScript,
You do not have Javascript enabled.
Single Sign-Off
Seagate Login
2023-02-10 00:20:06
Since your browser does not support JavaScript,
You do not have Javascript enabled.
Single Sign-Off
Seagate Login
2023-02-10 00:21:11
Since your browser does not support JavaScript,
You do not have Javascript enabled.
Single Sign-Off
Seagate Login
2023-02-10 00:22:18
Since your browser does not support JavaScript,
You do not have Javascript enabled.
Single Sign-Off
Seagate Login
2023-02-10 00:23:23
Since your browser does not support JavaScript,
You do not have Javascript enabled.
Single Sign-Off
Seagate Login
2023-02-10 00:24:27
Since your browser does not support JavaScript,
You do not have Javascript enabled.
Single Sign-Off
Seagate Login
2023-02-10 00:25:33
Since your browser does not support JavaScript,
You do not have Javascript enabled.
Single Sign-Off
Seagate Login
2023-02-10 00:26:37
Since your browser does not support JavaScript,
You do not have Javascript enabled.
Single Sign-Off
Seagate Login
2023-02-10 00:27:42
Since your browser does not support JavaScript,
You do not have Javascript enabled.
Single Sign-Off
Seagate Login
2023-02-10 00:28:46
Since your browser does not support JavaScript,
You do not have Javascript enabled.
Single Sign-Off
Seagate Login
2023-02-10 00:29:50
Since your browser does not support JavaScript,
You do not have Javascript enabled.
Single Sign-Off
Seagate Login
2023-02-10 00:30:54
Since your browser does not support JavaScript,
You do not have Javascript enabled.
Single Sign-Off
Seagate Login
2023-02-10 00:31:59
Since your browser does not support JavaScript,
You do not have Javascript enabled.
Single Sign-Off
Seagate Login
2023-02-10 00:33:04
Since your browser does not support JavaScript,
You do not have Javascript enabled.
Single Sign-Off
Seagate Login
2023-02-10 00:34:09
Since your browser does not support JavaScript,
You do not have Javascript enabled.
Single Sign-Off
Seagate Login
2023-02-10 00:35:13
Since your browser does not support JavaScript,
You do not have Javascript enabled.
Single Sign-Off
Seagate Login
2023-02-10 00:36:18
Since your browser does not support JavaScript,
You do not have Javascript enabled.
Single Sign-Off
Seagate Login
2023-02-10 00:37:23
Since your browser does not support JavaScript,
You do not have Javascript enabled.
Single Sign-Off
Seagate Login
2023-02-10 00:38:30
Since your browser does not support JavaScript,
You do not have Javascript enabled.
Single Sign-Off
Seagate Login
2023-02-10 00:39:37
Since your browser does not support JavaScript,
You do not have Javascript enabled.
Single Sign-Off
Seagate Login
2023-02-10 00:40:43
Since your browser does not support JavaScript,
You do not have Javascript enabled.
Single Sign-Off
Seagate Login
2023-02-10 00:41:48
Since your browser does not support JavaScript,
You do not have Javascript enabled.
Single Sign-Off
Seagate Login
2023-02-10 00:42:53
Since your browser does not support JavaScript,
You do not have Javascript enabled.
Single Sign-Off
Seagate Login
2023-02-10 00:43:58
Since your browser does not support JavaScript,
You do not have Javascript enabled.
Single Sign-Off
Seagate Login
2023-02-10 00:45:03
Since your browser does not support JavaScript,
You do not have Javascript enabled.
Single Sign-Off
Seagate Login
2023-02-10 00:46:10
Since your browser does not support JavaScript,
You do not have Javascript enabled.
Single Sign-Off
Seagate Login
2023-02-10 00:47:15
Since your browser does not support JavaScript,
You do not have Javascript enabled.
Single Sign-Off
Seagate Login
2023-02-10 00:48:20
Since your browser does not support JavaScript,
You do not have Javascript enabled.
Single Sign-Off
Seagate Login
2023-02-10 00:49:26
Since your browser does not support JavaScript,
You do not have Javascript enabled.
Single Sign-Off
Seagate Login
2023-02-10 00:50:33
Since your browser does not support JavaScript,
You do not have Javascript enabled.
Single Sign-Off
Seagate Login
2023-02-10 00:51:38
Since your browser does not support JavaScript,
You do not have Javascript enabled.
Single Sign-Off
Seagate Login
2023-02-10 00:52:43
Since your browser does not support JavaScript,
You do not have Javascript enabled.
Single Sign-Off
Seagate Login
2023-02-10 00:53:49
Since your browser does not support JavaScript,
You do not have Javascript enabled.
Single Sign-Off
Seagate Login
2023-02-10 00:54:54
Since your browser does not support JavaScript,
You do not have Javascript enabled.
Single Sign-Off
Seagate Login
2023-02-10 00:56:15
Since your browser does not support JavaScript,
You do not have Javascript enabled.
Single Sign-Off
Seagate Login
2023-02-10 00:57:21
Since your browser does not support JavaScript,
You do not have Javascript enabled.
Single Sign-Off
Seagate Login
2023-02-10 00:58:26
Since your browser does not support JavaScript,
You do not have Javascript enabled.
Single Sign-Off
Seagate Login
2023-02-10 00:59:32
Since your browser does not support JavaScript,
You do not have Javascript enabled.
Single Sign-Off
Seagate Login
2023-02-10 01:00:37
Since your browser does not support JavaScript,
You do not have Javascript enabled.
Single Sign-Off
Seagate Login
2023-02-10 01:01:42
Since your browser does not support JavaScript,
You do not have Javascript enabled.
Single Sign-Off
Seagate Login
2023-02-10 01:02:48
Since your browser does not support JavaScript,
You do not have Javascript enabled.
Single Sign-Off
Seagate Login
2023-02-10 01:03:53
Since your browser does not support JavaScript,
You do not have Javascript enabled.
Single Sign-Off
Seagate Login
2023-02-10 01:04:58
Since your browser does not support JavaScript,
You do not have Javascript enabled.
Single Sign-Off
Seagate Login
2023-02-10 01:06:02
Since your browser does not support JavaScript,
You do not have Javascript enabled.
Single Sign-Off
Seagate Login
2023-02-10 01:07:06
Since your browser does not support JavaScript,
You do not have Javascript enabled.
Single Sign-Off
Seagate Login
2023-02-10 01:08:11
Since your browser does not support JavaScript,
You do not have Javascript enabled.
Single Sign-Off
Seagate Login
2023-02-10 01:09:15
Since your browser does not support JavaScript,
You do not have Javascript enabled.
Single Sign-Off
Seagate Login
2023-02-10 01:10:20
Since your browser does not support JavaScript,
You do not have Javascript enabled.
Single Sign-Off
Seagate Login
2023-02-10 01:11:25
Since your browser does not support JavaScript,
You do not have Javascript enabled.
Single Sign-Off
Seagate Login
2023-02-10 01:12:31
Since your browser does not support JavaScript,
You do not have Javascript enabled.
Single Sign-Off
Seagate Login
2023-02-10 01:13:36
Since your browser does not support JavaScript,
You do not have Javascript enabled.
Single Sign-Off
Seagate Login
2023-02-10 01:14:41
Since your browser does not support JavaScript,
You do not have Javascript enabled.
Single Sign-Off
Seagate Login
2023-02-10 01:15:46
Since your browser does not support JavaScript,
You do not have Javascript enabled.
Single Sign-Off
Seagate Login
2023-02-10 01:16:52
Since your browser does not support JavaScript,
You do not have Javascript enabled.
Single Sign-Off
Seagate Login
2023-02-10 01:18:04
Since your browser does not support JavaScript,
You do not have Javascript enabled.
Single Sign-Off
Seagate Login
2023-02-10 01:19:11
Since your browser does not support JavaScript,
You do not have Javascript enabled.
Single Sign-Off
Seagate Login
2023-02-10 01:20:17
Since your browser does not support JavaScript,
You do not have Javascript enabled.
Single Sign-Off
Seagate Login
2023-02-10 01:21:21
Since your browser does not support JavaScript,
You do not have Javascript enabled.
Single Sign-Off
Seagate Login
2023-02-10 01:22:26
Since your browser does not support JavaScript,
You do not have Javascript enabled.
Single Sign-Off
Seagate Login
2023-02-10 01:23:35
Since your browser does not support JavaScript,
You do not have Javascript enabled.
Single Sign-Off
Seagate Login
2023-02-10 01:24:40
Since your browser does not support JavaScript,
You do not have Javascript enabled.
Single Sign-Off
Seagate Login
2023-02-10 01:25:45
Since your browser does not support JavaScript,
You do not have Javascript enabled.
Single Sign-Off
Seagate Login
2023-02-10 01:26:50
Since your browser does not support JavaScript,
You do not have Javascript enabled.
Single Sign-Off
Seagate Login
2023-02-10 01:27:54
Since your browser does not support JavaScript,
You do not have Javascript enabled.
Single Sign-Off
Seagate Login
2023-02-10 01:28:59
Since your browser does not support JavaScript,
You do not have Javascript enabled.
Single Sign-Off
Seagate Login
2023-02-10 01:30:04
Since your browser does not support JavaScript,
You do not have Javascript enabled.
Single Sign-Off
Seagate Login
2023-02-10 01:31:08
Since your browser does not support JavaScript,
You do not have Javascript enabled.
Single Sign-Off
Seagate Login
2023-02-10 01:32:14
Since your browser does not support JavaScript,
You do not have Javascript enabled.
Single Sign-Off
Seagate Login
2023-02-10 01:33:20
Since your browser does not support JavaScript,
You do not have Javascript enabled.
Single Sign-Off
Seagate Login
2023-02-10 01:34:24
Since your browser does not support JavaScript,
You do not have Javascript enabled.
Single Sign-Off
Seagate Login
2023-02-10 01:35:29
Since your browser does not support JavaScript,
You do not have Javascript enabled.
Single Sign-Off
Seagate Login
2023-02-10 01:36:33
Since your browser does not support JavaScript,
You do not have Javascript enabled.
Single Sign-Off
Seagate Login
2023-02-10 01:37:37
Since your browser does not support JavaScript,
You do not have Javascript enabled.
Single Sign-Off
Seagate Login
2023-02-10 01:38:41
Since your browser does not support JavaScript,
You do not have Javascript enabled.
Single Sign-Off
Seagate Login
2023-02-10 01:39:47
Since your browser does not support JavaScript,
You do not have Javascript enabled.
Single Sign-Off
Seagate Login
2023-02-10 01:40:54
Since your browser does not support JavaScript,
You do not have Javascript enabled.
Single Sign-Off
Seagate Login
2023-02-10 01:41:58
Since your browser does not support JavaScript,
You do not have Javascript enabled.
Single Sign-Off
Seagate Login
2023-02-10 01:43:02
Since your browser does not support JavaScript,
You do not have Javascript enabled.
Single Sign-Off
Seagate Login
2023-02-10 01:44:06
Since your browser does not support JavaScript,
You do not have Javascript enabled.
Single Sign-Off
Seagate Login
2023-02-10 01:45:11
Since your browser does not support JavaScript,
You do not have Javascript enabled.
Single Sign-Off
Seagate Login
2023-02-10 01:46:16
Since your browser does not support JavaScript,
You do not have Javascript enabled.
Single Sign-Off
Seagate Login
2023-02-10 01:47:20
Since your browser does not support JavaScript,
You do not have Javascript enabled.
Single Sign-Off
Seagate Login
2023-02-10 01:48:26
Since your browser does not support JavaScript,
You do not have Javascript enabled.
Single Sign-Off
Seagate Login
2023-02-10 01:49:33
Since your browser does not support JavaScript,
You do not have Javascript enabled.
Single Sign-Off
Seagate Login
2023-02-10 01:50:38
Since your browser does not support JavaScript,
You do not have Javascript enabled.
Single Sign-Off
Seagate Login
2023-02-10 01:51:45
Since your browser does not support JavaScript,
You do not have Javascript enabled.
Single Sign-Off
Seagate Login
2023-02-10 01:52:50
Since your browser does not support JavaScript,
You do not have Javascript enabled.
Single Sign-Off
Seagate Login
2023-02-10 01:53:55
Since your browser does not support JavaScript,
You do not have Javascript enabled.
Single Sign-Off
Seagate Login
2023-02-10 01:55:01
Since your browser does not support JavaScript,
You do not have Javascript enabled.
Single Sign-Off
Seagate Login
2023-02-10 01:56:06
Since your browser does not support JavaScript,
You do not have Javascript enabled.
Single Sign-Off
Seagate Login
2023-02-10 01:57:13
Since your browser does not support JavaScript,
You do not have Javascript enabled.
Single Sign-Off
Seagate Login
2023-02-10 01:58:18
Since your browser does not support JavaScript,
You do not have Javascript enabled.
Single Sign-Off
Seagate Login
2023-02-10 01:59:22
Since your browser does not support JavaScript,
You do not have Javascript enabled.
Single Sign-Off
Seagate Login
2023-02-10 02:00:26
Since your browser does not support JavaScript,
You do not have Javascript enabled.
Single Sign-Off
Seagate Login
2023-02-10 02:01:33
Since your browser does not support JavaScript,
You do not have Javascript enabled.
Single Sign-Off
Seagate Login
2023-02-10 02:02:39
Since your browser does not support JavaScript,
You do not have Javascript enabled.
Single Sign-Off
Seagate Login
2023-02-10 02:03:46
Since your browser does not support JavaScript,
You do not have Javascript enabled.
Single Sign-Off
Seagate Login
2023-02-10 02:04:51
Since your browser does not support JavaScript,
You do not have Javascript enabled.
Single Sign-Off
Seagate Login
2023-02-10 02:05:56
Since your browser does not support JavaScript,
You do not have Javascript enabled.
Single Sign-Off
Seagate Login
2023-02-10 02:07:02
Since your browser does not support JavaScript,
You do not have Javascript enabled.
Single Sign-Off
Seagate Login
2023-02-10 02:08:06
Since your browser does not support JavaScript,
You do not have Javascript enabled.
Single Sign-Off
Seagate Login
2023-02-10 02:09:11
Since your browser does not support JavaScript,
You do not have Javascript enabled.
Single Sign-Off
Seagate Login
2023-02-10 02:10:16
Since your browser does not support JavaScript,
You do not have Javascript enabled.
Single Sign-Off
Seagate Login
2023-02-10 02:11:20
Since your browser does not support JavaScript,
You do not have Javascript enabled.
Single Sign-Off
Seagate Login
2023-02-10 02:12:25
Since your browser does not support JavaScript,
You do not have Javascript enabled.
Single Sign-Off
Seagate Login
2023-02-10 02:13:29
Since your browser does not support JavaScript,
You do not have Javascript enabled.
Single Sign-Off
Seagate Login
2023-02-10 02:14:34
Since your browser does not support JavaScript,
You do not have Javascript enabled.
Single Sign-Off
Seagate Login
2023-02-10 02:15:39
Since your browser does not support JavaScript,
You do not have Javascript enabled.
Single Sign-Off
Seagate Login
2023-02-10 02:16:44
Since your browser does not support JavaScript,
You do not have Javascript enabled.
Single Sign-Off
Seagate Login
2023-02-10 02:17:48
Since your browser does not support JavaScript,
You do not have Javascript enabled.
Single Sign-Off
Seagate Login
2023-02-10 02:18:53
Since your browser does not support JavaScript,
You do not have Javascript enabled.
Single Sign-Off
Seagate Login
2023-02-10 02:20:17
Since your browser does not support JavaScript,
You do not have Javascript enabled.
Single Sign-Off
Seagate Login
2023-02-10 02:21:22
Since your browser does not support JavaScript,
You do not have Javascript enabled.
Single Sign-Off
Seagate Login
2023-02-10 02:22:28
Since your browser does not support JavaScript,
You do not have Javascript enabled.
Single Sign-Off
Seagate Login
2023-02-10 02:23:34
Since your browser does not support JavaScript,
You do not have Javascript enabled.
Single Sign-Off
Seagate Login
2023-02-10 02:24:39
Since your browser does not support JavaScript,
You do not have Javascript enabled.
Single Sign-Off
Seagate Login
2023-02-10 02:25:45
Since your browser does not support JavaScript,
You do not have Javascript enabled.
Single Sign-Off
Seagate Login
2023-02-10 02:26:51
Since your browser does not support JavaScript,
You do not have Javascript enabled.
Single Sign-Off
Seagate Login
2023-02-10 02:27:56
Since your browser does not support JavaScript,
You do not have Javascript enabled.
Single Sign-Off
Seagate Login
2023-02-10 02:29:02
Since your browser does not support JavaScript,
You do not have Javascript enabled.
Single Sign-Off
Seagate Login
2023-02-10 02:30:07
Since your browser does not support JavaScript,
You do not have Javascript enabled.
Single Sign-Off
Seagate Login
2023-02-10 02:31:12
Since your browser does not support JavaScript,
You do not have Javascript enabled.
Single Sign-Off
Seagate Login
2023-02-10 02:32:16
Since your browser does not support JavaScript,
You do not have Javascript enabled.
Single Sign-Off
Seagate Login
2023-02-10 02:33:21
Since your browser does not support JavaScript,
You do not have Javascript enabled.
Single Sign-Off
Seagate Login
2023-02-10 02:34:26
Since your browser does not support JavaScript,
You do not have Javascript enabled.
Single Sign-Off
Seagate Login
2023-02-10 02:35:32
Since your browser does not support JavaScript,
You do not have Javascript enabled.
Single Sign-Off
Seagate Login
2023-02-10 02:36:38
Since your browser does not support JavaScript,
You do not have Javascript enabled.
Single Sign-Off
Seagate Login
2023-02-10 02:37:44
Since your browser does not support JavaScript,
You do not have Javascript enabled.
Single Sign-Off
Seagate Login
2023-02-10 02:38:49
Since your browser does not support JavaScript,
You do not have Javascript enabled.
Single Sign-Off
Seagate Login
2023-02-10 02:39:55
Since your browser does not support JavaScript,
You do not have Javascript enabled.
Single Sign-Off
Seagate Login
2023-02-10 02:41:00
Since your browser does not support JavaScript,
You do not have Javascript enabled.
Single Sign-Off
Seagate Login
2023-02-10 02:42:07
Since your browser does not support JavaScript,
You do not have Javascript enabled.
Single Sign-Off
Seagate Login
2023-02-10 02:43:11
Since your browser does not support JavaScript,
You do not have Javascript enabled.
Single Sign-Off
Seagate Login
2023-02-10 02:44:16
Since your browser does not support JavaScript,
You do not have Javascript enabled.
Single Sign-Off
Seagate Login
2023-02-10 02:45:20
Since your browser does not support JavaScript,
You do not have Javascript enabled.
Single Sign-Off
Seagate Login
2023-02-10 02:46:26
Since your browser does not support JavaScript,
You do not have Javascript enabled.
Single Sign-Off
Seagate Login
2023-02-10 02:47:32
Since your browser does not support JavaScript,
You do not have Javascript enabled.
Single Sign-Off
Seagate Login
2023-02-10 02:48:36
Since your browser does not support JavaScript,
You do not have Javascript enabled.
Single Sign-Off
Seagate Login
2023-02-10 02:49:42
Since your browser does not support JavaScript,
You do not have Javascript enabled.
Single Sign-Off
Seagate Login
2023-02-10 02:50:47
Since your browser does not support JavaScript,
You do not have Javascript enabled.
Single Sign-Off
Seagate Login
2023-02-10 02:51:52
Since your browser does not support JavaScript,
You do not have Javascript enabled.
Single Sign-Off
Seagate Login
2023-02-10 02:53:06
Since your browser does not support JavaScript,
You do not have Javascript enabled.
Single Sign-Off
Seagate Login
2023-02-10 02:54:10
Since your browser does not support JavaScript,
You do not have Javascript enabled.
Single Sign-Off
Seagate Login
2023-02-10 02:55:15
Since your browser does not support JavaScript,
You do not have Javascript enabled.
Single Sign-Off
Seagate Login
2023-02-10 02:56:20
Since your browser does not support JavaScript,
You do not have Javascript enabled.
Single Sign-Off
Seagate Login
2023-02-10 02:57:27
Since your browser does not support JavaScript,
You do not have Javascript enabled.
Single Sign-Off
Seagate Login
2023-02-10 02:58:32
Since your browser does not support JavaScript,
You do not have Javascript enabled.
Single Sign-Off
Seagate Login
2023-02-10 02:59:38
Since your browser does not support JavaScript,
You do not have Javascript enabled.
Single Sign-Off
Seagate Login
2023-02-10 03:00:43
Since your browser does not support JavaScript,
You do not have Javascript enabled.
Single Sign-Off
Seagate Login
2023-02-10 03:01:48
Since your browser does not support JavaScript,
You do not have Javascript enabled.
Single Sign-Off
Seagate Login
2023-02-10 03:02:54
Since your browser does not support JavaScript,
You do not have Javascript enabled.
Single Sign-Off
Seagate Login
2023-02-10 03:04:06
Since your browser does not support JavaScript,
You do not have Javascript enabled.
Single Sign-Off
Seagate Login
2023-02-10 03:05:11
Since your browser does not support JavaScript,
You do not have Javascript enabled.
Single Sign-Off
Seagate Login
2023-02-10 03:06:17
Since your browser does not support JavaScript,
You do not have Javascript enabled.
Single Sign-Off
Seagate Login
2023-02-10 03:07:23
Since your browser does not support JavaScript,
You do not have Javascript enabled.
Single Sign-Off
Seagate Login
2023-02-10 03:08:30
Since your browser does not support JavaScript,
You do not have Javascript enabled.
Single Sign-Off
Seagate Login
2023-02-10 03:09:36
Since your browser does not support JavaScript,
You do not have Javascript enabled.
Single Sign-Off
Seagate Login
2023-02-10 03:10:44
Since your browser does not support JavaScript,
You do not have Javascript enabled.
Single Sign-Off
Seagate Login
2023-02-10 03:11:49
Since your browser does not support JavaScript,
You do not have Javascript enabled.
Single Sign-Off
Seagate Login
2023-02-10 03:12:54
Since your browser does not support JavaScript,
You do not have Javascript enabled.
Single Sign-Off
Seagate Login
2023-02-10 03:13:59
Since your browser does not support JavaScript,
You do not have Javascript enabled.
Single Sign-Off
Seagate Login
2023-02-10 03:15:05
Since your browser does not support JavaScript,
You do not have Javascript enabled.
Single Sign-Off
Seagate Login
2023-02-10 03:16:12
Since your browser does not support JavaScript,
You do not have Javascript enabled.
Single Sign-Off
Seagate Login
2023-02-10 03:17:17
Since your browser does not support JavaScript,
You do not have Javascript enabled.
Single Sign-Off
Seagate Login
2023-02-10 03:18:22
Since your browser does not support JavaScript,
You do not have Javascript enabled.
Single Sign-Off
Seagate Login
2023-02-10 03:19:27
Since your browser does not support JavaScript,
You do not have Javascript enabled.
Single Sign-Off
Seagate Login
2023-02-10 03:20:34
Since your browser does not support JavaScript,
You do not have Javascript enabled.
Single Sign-Off
Seagate Login
2023-02-10 03:21:39
Since your browser does not support JavaScript,
You do not have Javascript enabled.
Single Sign-Off
Seagate Login
2023-02-10 03:22:43
Since your browser does not support JavaScript,
You do not have Javascript enabled.
Single Sign-Off
Seagate Login
2023-02-10 03:23:48
Since your browser does not support JavaScript,
You do not have Javascript enabled.
Single Sign-Off
Seagate Login
2023-02-10 03:24:53
Since your browser does not support JavaScript,
You do not have Javascript enabled.
Single Sign-Off
Seagate Login
2023-02-10 03:26:02
Since your browser does not support JavaScript,
You do not have Javascript enabled.
Single Sign-Off
Seagate Login
2023-02-10 03:27:08
Since your browser does not support JavaScript,
You do not have Javascript enabled.
Single Sign-Off
Seagate Login
2023-02-10 03:28:13
Since your browser does not support JavaScript,
You do not have Javascript enabled.
Single Sign-Off
Seagate Login
2023-02-10 03:29:18
Since your browser does not support JavaScript,
You do not have Javascript enabled.
Single Sign-Off
Seagate Login
2023-02-10 03:30:22
Since your browser does not support JavaScript,
You do not have Javascript enabled.
Single Sign-Off
Seagate Login
2023-02-10 03:31:28
Since your browser does not support JavaScript,
You do not have Javascript enabled.
Single Sign-Off
Seagate Login
2023-02-10 03:32:34
Since your browser does not support JavaScript,
You do not have Javascript enabled.
Single Sign-Off
Seagate Login
2023-02-10 03:33:39
Since your browser does not support JavaScript,
You do not have Javascript enabled.
Single Sign-Off
Seagate Login
2023-02-10 03:34:44
Since your browser does not support JavaScript,
You do not have Javascript enabled.
Single Sign-Off
Seagate Login
2023-02-10 03:35:49
Since your browser does not support JavaScript,
You do not have Javascript enabled.
Single Sign-Off
Seagate Login
2023-02-10 03:36:53
Since your browser does not support JavaScript,
You do not have Javascript enabled.
Single Sign-Off
Seagate Login
2023-02-10 03:38:05
Since your browser does not support JavaScript,
You do not have Javascript enabled.
Single Sign-Off
Seagate Login
2023-02-10 03:39:10
Since your browser does not support JavaScript,
You do not have Javascript enabled.
Single Sign-Off
Seagate Login
2023-02-10 03:40:14
Since your browser does not support JavaScript,
You do not have Javascript enabled.
Single Sign-Off
Seagate Login
2023-02-10 03:41:20
Since your browser does not support JavaScript,
You do not have Javascript enabled.
Single Sign-Off
Seagate Login
2023-02-10 03:42:24
Since your browser does not support JavaScript,
You do not have Javascript enabled.
Single Sign-Off
Seagate Login
2023-02-10 03:43:29
Since your browser does not support JavaScript,
You do not have Javascript enabled.
Single Sign-Off
Seagate Login
2023-02-10 03:44:34
Since your browser does not support JavaScript,
You do not have Javascript enabled.
Single Sign-Off
Seagate Login
2023-02-10 03:45:39
Since your browser does not support JavaScript,
You do not have Javascript enabled.
Single Sign-Off
Seagate Login
2023-02-10 03:46:43
Since your browser does not support JavaScript,
You do not have Javascript enabled.
Single Sign-Off
Seagate Login
2023-02-10 03:47:49
Since your browser does not support JavaScript,
You do not have Javascript enabled.
Single Sign-Off
Seagate Login
2023-02-10 03:48:55
Since your browser does not support JavaScript,
You do not have Javascript enabled.
Single Sign-Off
Seagate Login
2023-02-10 03:49:59
Since your browser does not support JavaScript,
You do not have Javascript enabled.
Single Sign-Off
Seagate Login
2023-02-10 03:51:05
Since your browser does not support JavaScript,
You do not have Javascript enabled.
Single Sign-Off
Seagate Login
2023-02-10 03:52:10
Since your browser does not support JavaScript,
You do not have Javascript enabled.
Single Sign-Off
Seagate Login
2023-02-10 03:53:15
Since your browser does not support JavaScript,
You do not have Javascript enabled.
Single Sign-Off
Seagate Login
2023-02-10 03:54:21
Since your browser does not support JavaScript,
You do not have Javascript enabled.
Single Sign-Off
Seagate Login
2023-02-10 03:55:27
Since your browser does not support JavaScript,
You do not have Javascript enabled.
Single Sign-Off
Seagate Login
2023-02-10 03:56:34
Since your browser does not support JavaScript,
You do not have Javascript enabled.
Single Sign-Off
Seagate Login
2023-02-10 03:57:41
Since your browser does not support JavaScript,
You do not have Javascript enabled.
Single Sign-Off
Seagate Login
2023-02-10 03:58:45
Since your browser does not support JavaScript,
You do not have Javascript enabled.
Single Sign-Off
Seagate Login
2023-02-10 03:59:49
Since your browser does not support JavaScript,
You do not have Javascript enabled.
Single Sign-Off
Seagate Login
2023-02-10 04:00:54
Since your browser does not support JavaScript,
You do not have Javascript enabled.
Single Sign-Off
Seagate Login
2023-02-10 04:02:04
Since your browser does not support JavaScript,
You do not have Javascript enabled.
Single Sign-Off
Seagate Login
2023-02-10 04:03:09
Since your browser does not support JavaScript,
You do not have Javascript enabled.
Single Sign-Off
Seagate Login
2023-02-10 04:04:14
Since your browser does not support JavaScript,
You do not have Javascript enabled.
Single Sign-Off
Seagate Login
2023-02-10 04:05:18
Since your browser does not support JavaScript,
You do not have Javascript enabled.
Single Sign-Off
Seagate Login
2023-02-10 04:06:23
Since your browser does not support JavaScript,
You do not have Javascript enabled.
Single Sign-Off
Seagate Login
2023-02-10 04:07:28
Since your browser does not support JavaScript,
You do not have Javascript enabled.
Single Sign-Off
Seagate Login
2023-02-10 04:08:34
Since your browser does not support JavaScript,
You do not have Javascript enabled.
Single Sign-Off
Seagate Login
2023-02-10 04:09:39
Since your browser does not support JavaScript,
You do not have Javascript enabled.
Single Sign-Off
Seagate Login
2023-02-10 04:10:44
Since your browser does not support JavaScript,
You do not have Javascript enabled.
Single Sign-Off
Seagate Login
2023-02-10 04:11:50
Since your browser does not support JavaScript,
You do not have Javascript enabled.
Single Sign-Off
Seagate Login
2023-02-10 04:12:54
Since your browser does not support JavaScript,
You do not have Javascript enabled.
Single Sign-Off
Seagate Login
2023-02-10 04:14:03
Since your browser does not support JavaScript,
You do not have Javascript enabled.
Single Sign-Off
Seagate Login
2023-02-10 04:15:08
Since your browser does not support JavaScript,
You do not have Javascript enabled.
Single Sign-Off
Seagate Login
2023-02-10 04:16:13
Since your browser does not support JavaScript,
You do not have Javascript enabled.
Single Sign-Off
Seagate Login
2023-02-10 04:17:18
Since your browser does not support JavaScript,
You do not have Javascript enabled.
Single Sign-Off
Seagate Login
2023-02-10 04:18:24
Since your browser does not support JavaScript,
You do not have Javascript enabled.
Single Sign-Off
Seagate Login
2023-02-10 04:19:31
Since your browser does not support JavaScript,
You do not have Javascript enabled.
Single Sign-Off
Seagate Login
2023-02-10 04:20:37
Since your browser does not support JavaScript,
You do not have Javascript enabled.
Single Sign-Off
Seagate Login
2023-02-10 04:21:44
Since your browser does not support JavaScript,
You do not have Javascript enabled.
Single Sign-Off
Seagate Login
2023-02-10 04:22:50
Since your browser does not support JavaScript,
You do not have Javascript enabled.
Single Sign-Off
Seagate Login
2023-02-10 04:23:59
Since your browser does not support JavaScript,
You do not have Javascript enabled.
Single Sign-Off
Seagate Login
2023-02-10 04:25:05
Since your browser does not support JavaScript,
You do not have Javascript enabled.
Single Sign-Off
Seagate Login
2023-02-10 04:26:10
Since your browser does not support JavaScript,
You do not have Javascript enabled.
Single Sign-Off
Seagate Login
2023-02-10 04:27:17
Since your browser does not support JavaScript,
You do not have Javascript enabled.
Single Sign-Off
Seagate Login
2023-02-10 04:28:25
Since your browser does not support JavaScript,
You do not have Javascript enabled.
Single Sign-Off
Seagate Login
2023-02-10 04:29:32
Since your browser does not support JavaScript,
You do not have Javascript enabled.
Single Sign-Off
Seagate Login
2023-02-10 04:30:37
Since your browser does not support JavaScript,
You do not have Javascript enabled.
Single Sign-Off
Seagate Login
2023-02-10 04:31:42
Since your browser does not support JavaScript,
You do not have Javascript enabled.
Single Sign-Off
Seagate Login
2023-02-10 04:32:50
Since your browser does not support JavaScript,
You do not have Javascript enabled.
Single Sign-Off
Seagate Login
2023-02-10 04:33:54
Since your browser does not support JavaScript,
You do not have Javascript enabled.
Single Sign-Off
Seagate Login
2023-02-10 04:35:05
Since your browser does not support JavaScript,
You do not have Javascript enabled.
Single Sign-Off
Seagate Login
2023-02-10 04:36:10
Since your browser does not support JavaScript,
You do not have Javascript enabled.
Single Sign-Off
Seagate Login
2023-02-10 04:37:15
Since your browser does not support JavaScript,
You do not have Javascript enabled.
Single Sign-Off
Seagate Login
2023-02-10 04:38:19
Since your browser does not support JavaScript,
You do not have Javascript enabled.
Single Sign-Off
Seagate Login
2023-02-10 04:39:26
Since your browser does not support JavaScript,
You do not have Javascript enabled.
Single Sign-Off
Seagate Login
2023-02-10 04:40:31
Since your browser does not support JavaScript,
You do not have Javascript enabled.
Single Sign-Off
Seagate Login
2023-02-10 04:41:37
Since your browser does not support JavaScript,
You do not have Javascript enabled.
Single Sign-Off
Seagate Login
2023-02-10 04:42:43
Since your browser does not support JavaScript,
You do not have Javascript enabled.
Single Sign-Off
Seagate Login
2023-02-10 04:43:48
Since your browser does not support JavaScript,
You do not have Javascript enabled.
Single Sign-Off
Seagate Login
2023-02-10 04:44:53
Since your browser does not support JavaScript,
You do not have Javascript enabled.
Single Sign-Off
Seagate Login
2023-02-10 04:45:58
Since your browser does not support JavaScript,
You do not have Javascript enabled.
Single Sign-Off
Seagate Login
2023-02-10 04:47:03
Since your browser does not support JavaScript,
You do not have Javascript enabled.
Single Sign-Off
Seagate Login
2023-02-10 04:48:08
Since your browser does not support JavaScript,
You do not have Javascript enabled.
Single Sign-Off
Seagate Login
2023-02-10 04:49:13
Since your browser does not support JavaScript,
You do not have Javascript enabled.
Single Sign-Off
Seagate Login
2023-02-10 04:50:18
Since your browser does not support JavaScript,
You do not have Javascript enabled.
Single Sign-Off
Seagate Login
2023-02-10 04:51:22
Since your browser does not support JavaScript,
You do not have Javascript enabled.
Single Sign-Off
Seagate Login
2023-02-10 04:52:26
Since your browser does not support JavaScript,
You do not have Javascript enabled.
Single Sign-Off
Seagate Login
2023-02-10 04:53:31
Since your browser does not support JavaScript,
You do not have Javascript enabled.
Single Sign-Off
Seagate Login
2023-02-10 04:54:36
Since your browser does not support JavaScript,
You do not have Javascript enabled.
Single Sign-Off
Seagate Login
2023-02-10 04:55:40
Since your browser does not support JavaScript,
You do not have Javascript enabled.
Single Sign-Off
Seagate Login
2023-02-10 04:56:45
Since your browser does not support JavaScript,
You do not have Javascript enabled.
Single Sign-Off
Seagate Login
2023-02-10 04:57:50
Since your browser does not support JavaScript,
You do not have Javascript enabled.
Single Sign-Off
Seagate Login
2023-02-10 04:58:56
Since your browser does not support JavaScript,
You do not have Javascript enabled.
Single Sign-Off
Seagate Login
2023-02-10 05:00:00
Since your browser does not support JavaScript,
You do not have Javascript enabled.
Single Sign-Off
Seagate Login
2023-02-10 05:01:06
Since your browser does not support JavaScript,
You do not have Javascript enabled.
Single Sign-Off
Seagate Login
2023-02-10 05:02:11
Since your browser does not support JavaScript,
You do not have Javascript enabled.
Single Sign-Off
Seagate Login
2023-02-10 05:03:16
Since your browser does not support JavaScript,
You do not have Javascript enabled.
Single Sign-Off
Seagate Login
2023-02-10 05:04:21
Since your browser does not support JavaScript,
You do not have Javascript enabled.
Single Sign-Off
Seagate Login
2023-02-10 05:05:27
Since your browser does not support JavaScript,
You do not have Javascript enabled.
Single Sign-Off
Seagate Login
2023-02-10 05:06:32
Since your browser does not support JavaScript,
You do not have Javascript enabled.
Single Sign-Off
Seagate Login
2023-02-10 05:07:37
Since your browser does not support JavaScript,
You do not have Javascript enabled.
Single Sign-Off
Seagate Login
2023-02-10 05:08:41
Since your browser does not support JavaScript,
You do not have Javascript enabled.
Single Sign-Off
Seagate Login
2023-02-10 05:09:46
Since your browser does not support JavaScript,
You do not have Javascript enabled.
Single Sign-Off
Seagate Login
2023-02-10 05:10:51
Since your browser does not support JavaScript,
You do not have Javascript enabled.
Single Sign-Off
Seagate Login
2023-02-10 05:11:56
Since your browser does not support JavaScript,
You do not have Javascript enabled.
Single Sign-Off
Seagate Login
2023-02-10 05:13:02
Since your browser does not support JavaScript,
You do not have Javascript enabled.
Single Sign-Off
Seagate Login
2023-02-10 05:14:07
Since your browser does not support JavaScript,
You do not have Javascript enabled.
Single Sign-Off
Seagate Login
2023-02-10 05:15:12
Since your browser does not support JavaScript,
You do not have Javascript enabled.
Single Sign-Off
Seagate Login
2023-02-10 05:16:16
Since your browser does not support JavaScript,
You do not have Javascript enabled.
Single Sign-Off
Seagate Login
2023-02-10 05:17:20
Since your browser does not support JavaScript,
You do not have Javascript enabled.
Single Sign-Off
Seagate Login
2023-02-10 05:18:25
Since your browser does not support JavaScript,
You do not have Javascript enabled.
Single Sign-Off
Seagate Login
2023-02-10 05:19:30
Since your browser does not support JavaScript,
You do not have Javascript enabled.
Single Sign-Off
Seagate Login
2023-02-10 05:20:36
Since your browser does not support JavaScript,
You do not have Javascript enabled.
Single Sign-Off
Seagate Login
2023-02-10 05:21:42
Since your browser does not support JavaScript,
You do not have Javascript enabled.
Single Sign-Off
Seagate Login
2023-02-10 05:22:47
Since your browser does not support JavaScript,
You do not have Javascript enabled.
Single Sign-Off
Seagate Login
2023-02-10 05:23:51
Since your browser does not support JavaScript,
You do not have Javascript enabled.
Single Sign-Off
Seagate Login
2023-02-10 05:24:56
Since your browser does not support JavaScript,
You do not have Javascript enabled.
Single Sign-Off
Seagate Login
2023-02-10 05:26:00
Since your browser does not support JavaScript,
You do not have Javascript enabled.
Single Sign-Off
Seagate Login
2023-02-10 05:27:05
Since your browser does not support JavaScript,
You do not have Javascript enabled.
Single Sign-Off
Seagate Login
2023-02-10 05:28:10
Since your browser does not support JavaScript,
You do not have Javascript enabled.
Single Sign-Off
Seagate Login
2023-02-10 05:29:14
Since your browser does not support JavaScript,
You do not have Javascript enabled.
Single Sign-Off
Seagate Login
2023-02-10 05:30:19
Since your browser does not support JavaScript,
You do not have Javascript enabled.
Single Sign-Off
Seagate Login
2023-02-10 05:31:25
Since your browser does not support JavaScript,
You do not have Javascript enabled.
Single Sign-Off
Seagate Login
2023-02-10 05:32:32
Since your browser does not support JavaScript,
You do not have Javascript enabled.
Single Sign-Off
Seagate Login
2023-02-10 05:33:38
Since your browser does not support JavaScript,
You do not have Javascript enabled.
Single Sign-Off
Seagate Login
2023-02-10 05:34:42
Since your browser does not support JavaScript,
You do not have Javascript enabled.
Single Sign-Off
Seagate Login
2023-02-10 05:35:49
Since your browser does not support JavaScript,
You do not have Javascript enabled.
Single Sign-Off
Seagate Login
2023-02-10 05:36:53
Since your browser does not support JavaScript,
You do not have Javascript enabled.
Single Sign-Off
Seagate Login
2023-02-10 05:38:03
Since your browser does not support JavaScript,
You do not have Javascript enabled.
Single Sign-Off
Seagate Login
2023-02-10 05:39:09
Since your browser does not support JavaScript,
You do not have Javascript enabled.
Single Sign-Off
Seagate Login
2023-02-10 05:40:15
Since your browser does not support JavaScript,
You do not have Javascript enabled.
Single Sign-Off
Seagate Login
2023-02-10 05:41:20
Since your browser does not support JavaScript,
You do not have Javascript enabled.
Single Sign-Off
Seagate Login
2023-02-10 05:42:25
Since your browser does not support JavaScript,
You do not have Javascript enabled.
Single Sign-Off
Seagate Login
2023-02-10 05:43:30
Since your browser does not support JavaScript,
You do not have Javascript enabled.
Single Sign-Off
Seagate Login
2023-02-10 05:44:38
Since your browser does not support JavaScript,
You do not have Javascript enabled.
Single Sign-Off
Seagate Login
2023-02-10 05:45:41
Since your browser does not support JavaScript,
You do not have Javascript enabled.
Single Sign-Off
Seagate Login
2023-02-10 05:46:47
Since your browser does not support JavaScript,
You do not have Javascript enabled.
Single Sign-Off
Seagate Login
2023-02-10 05:47:51
Since your browser does not support JavaScript,
You do not have Javascript enabled.
Single Sign-Off
Seagate Login
2023-02-10 05:48:56
Since your browser does not support JavaScript,
You do not have Javascript enabled.
Single Sign-Off
Seagate Login
2023-02-10 05:50:05
Since your browser does not support JavaScript,
You do not have Javascript enabled.
Single Sign-Off
Seagate Login
2023-02-10 05:51:09
Since your browser does not support JavaScript,
You do not have Javascript enabled.
Single Sign-Off
Seagate Login
2023-02-10 05:52:13
Since your browser does not support JavaScript,
You do not have Javascript enabled.
Single Sign-Off
Seagate Login
2023-02-10 05:53:18
Since your browser does not support JavaScript,
You do not have Javascript enabled.
Single Sign-Off
Seagate Login
2023-02-10 05:54:22
Since your browser does not support JavaScript,
You do not have Javascript enabled.
Single Sign-Off
Seagate Login
2023-02-10 05:55:27
Since your browser does not support JavaScript,
You do not have Javascript enabled.
Single Sign-Off
Seagate Login
2023-02-10 05:56:32
Since your browser does not support JavaScript,
You do not have Javascript enabled.
Single Sign-Off
Seagate Login
2023-02-10 05:57:37
Since your browser does not support JavaScript,
You do not have Javascript enabled.
Single Sign-Off
Seagate Login
2023-02-10 05:58:42
Since your browser does not support JavaScript,
You do not have Javascript enabled.
Single Sign-Off
Seagate Login
2023-02-10 05:59:47
Since your browser does not support JavaScript,
You do not have Javascript enabled.
Single Sign-Off
Seagate Login
2023-02-10 06:00:51
Since your browser does not support JavaScript,
You do not have Javascript enabled.
Single Sign-Off
Seagate Login
2023-02-10 06:01:57
Since your browser does not support JavaScript,
You do not have Javascript enabled.
Single Sign-Off
Seagate Login
2023-02-10 06:03:05
Since your browser does not support JavaScript,
You do not have Javascript enabled.
Single Sign-Off
Seagate Login
2023-02-10 06:04:10
Since your browser does not support JavaScript,
You do not have Javascript enabled.
Single Sign-Off
Seagate Login
2023-02-10 06:05:14
Since your browser does not support JavaScript,
You do not have Javascript enabled.
Single Sign-Off
Seagate Login
2023-02-10 06:06:19
Since your browser does not support JavaScript,
You do not have Javascript enabled.
Single Sign-Off
Seagate Login
2023-02-10 06:07:24
Since your browser does not support JavaScript,
You do not have Javascript enabled.
Single Sign-Off
Seagate Login
2023-02-10 06:08:29
Since your browser does not support JavaScript,
You do not have Javascript enabled.
Single Sign-Off
Seagate Login
2023-02-10 06:09:35
Since your browser does not support JavaScript,
You do not have Javascript enabled.
Single Sign-Off
Seagate Login
2023-02-10 06:10:39
Since your browser does not support JavaScript,
You do not have Javascript enabled.
Single Sign-Off
Seagate Login
2023-02-10 06:11:47
Since your browser does not support JavaScript,
You do not have Javascript enabled.
Single Sign-Off
Seagate Login
2023-02-10 06:12:52
Since your browser does not support JavaScript,
You do not have Javascript enabled.
Single Sign-Off
Seagate Login
2023-02-10 06:14:04
Since your browser does not support JavaScript,
You do not have Javascript enabled.
Single Sign-Off
Seagate Login
2023-02-10 06:15:09
Since your browser does not support JavaScript,
You do not have Javascript enabled.
Single Sign-Off
Seagate Login
2023-02-10 06:16:13
Since your browser does not support JavaScript,
You do not have Javascript enabled.
Single Sign-Off
Seagate Login
2023-02-10 06:17:19
Since your browser does not support JavaScript,
You do not have Javascript enabled.
Single Sign-Off
Seagate Login
2023-02-10 06:18:23
Since your browser does not support JavaScript,
You do not have Javascript enabled.
Single Sign-Off
Seagate Login
2023-02-10 06:19:27
Since your browser does not support JavaScript,
You do not have Javascript enabled.
Single Sign-Off
Seagate Login
2023-02-10 06:20:33
Since your browser does not support JavaScript,
You do not have Javascript enabled.
Single Sign-Off
Seagate Login
2023-02-10 06:21:38
Since your browser does not support JavaScript,
You do not have Javascript enabled.
Single Sign-Off
Seagate Login
2023-02-10 06:22:43
Since your browser does not support JavaScript,
You do not have Javascript enabled.
Single Sign-Off
Seagate Login
2023-02-10 06:23:48
Since your browser does not support JavaScript,
You do not have Javascript enabled.
Single Sign-Off
Seagate Login
2023-02-10 06:24:53
Since your browser does not support JavaScript,
You do not have Javascript enabled.
Single Sign-Off
Seagate Login
2023-02-10 06:25:58
Since your browser does not support JavaScript,
You do not have Javascript enabled.
Single Sign-Off
Seagate Login
2023-02-10 06:27:06
Since your browser does not support JavaScript,
You do not have Javascript enabled.
Single Sign-Off
Seagate Login
2023-02-10 06:28:09
Since your browser does not support JavaScript,
You do not have Javascript enabled.
Single Sign-Off
Seagate Login
2023-02-10 06:29:16
Since your browser does not support JavaScript,
You do not have Javascript enabled.
Single Sign-Off
Seagate Login
2023-02-10 06:30:20
Since your browser does not support JavaScript,
You do not have Javascript enabled.
Single Sign-Off
Seagate Login
2023-02-10 06:31:25
Since your browser does not support JavaScript,
You do not have Javascript enabled.
Single Sign-Off
Seagate Login
2023-02-10 06:32:30
Since your browser does not support JavaScript,
You do not have Javascript enabled.
Single Sign-Off
Seagate Login
2023-02-10 06:33:34
Since your browser does not support JavaScript,
You do not have Javascript enabled.
Single Sign-Off
Seagate Login
2023-02-10 06:34:39
Since your browser does not support JavaScript,
You do not have Javascript enabled.
Single Sign-Off
Seagate Login
2023-02-10 06:35:43
Since your browser does not support JavaScript,
You do not have Javascript enabled.
Single Sign-Off
Seagate Login
2023-02-10 06:36:48
Since your browser does not support JavaScript,
You do not have Javascript enabled.
Single Sign-Off
Seagate Login
2023-02-10 06:37:52
Since your browser does not support JavaScript,
You do not have Javascript enabled.
Single Sign-Off
Seagate Login
2023-02-10 06:38:57
Since your browser does not support JavaScript,
You do not have Javascript enabled.
Single Sign-Off
Seagate Login
2023-02-10 06:40:02
Since your browser does not support JavaScript,
You do not have Javascript enabled.
Single Sign-Off
Seagate Login
2023-02-10 06:41:06
Since your browser does not support JavaScript,
You do not have Javascript enabled.
Single Sign-Off
Seagate Login
2023-02-10 06:42:11
Since your browser does not support JavaScript,
You do not have Javascript enabled.
Single Sign-Off
Seagate Login
2023-02-10 06:43:17
Since your browser does not support JavaScript,
You do not have Javascript enabled.
Single Sign-Off
Seagate Login
2023-02-10 06:44:22
Since your browser does not support JavaScript,
You do not have Javascript enabled.
Single Sign-Off
Seagate Login
2023-02-10 06:45:28
Since your browser does not support JavaScript,
You do not have Javascript enabled.
Single Sign-Off
Seagate Login
2023-02-10 06:46:34
Since your browser does not support JavaScript,
You do not have Javascript enabled.
Single Sign-Off
Seagate Login
2023-02-10 06:47:39
Since your browser does not support JavaScript,
You do not have Javascript enabled.
Single Sign-Off
Seagate Login
2023-02-10 06:48:44
Since your browser does not support JavaScript,
You do not have Javascript enabled.
Single Sign-Off
Seagate Login
2023-02-10 06:49:49
Since your browser does not support JavaScript,
You do not have Javascript enabled.
Single Sign-Off
Seagate Login
2023-02-10 06:50:54
Since your browser does not support JavaScript,
You do not have Javascript enabled.
Single Sign-Off
Seagate Login
2023-02-10 06:52:06
Since your browser does not support JavaScript,
You do not have Javascript enabled.
Single Sign-Off
Seagate Login
2023-02-10 06:53:10
Since your browser does not support JavaScript,
You do not have Javascript enabled.
Single Sign-Off
Seagate Login
2023-02-10 06:54:15
Since your browser does not support JavaScript,
You do not have Javascript enabled.
Single Sign-Off
Seagate Login
2023-02-10 06:55:20
Since your browser does not support JavaScript,
You do not have Javascript enabled.
Single Sign-Off
Seagate Login
2023-02-10 06:56:25
Since your browser does not support JavaScript,
You do not have Javascript enabled.
Single Sign-Off
Seagate Login
2023-02-10 06:57:30
Since your browser does not support JavaScript,
You do not have Javascript enabled.
Single Sign-Off
Seagate Login
2023-02-10 06:58:35
Since your browser does not support JavaScript,
You do not have Javascript enabled.
Single Sign-Off
Seagate Login
2023-02-10 06:59:40
Since your browser does not support JavaScript,
You do not have Javascript enabled.
Single Sign-Off
Seagate Login
2023-02-10 07:00:44
Since your browser does not support JavaScript,
You do not have Javascript enabled.
Single Sign-Off
Seagate Login
2023-02-10 07:01:48
Since your browser does not support JavaScript,
You do not have Javascript enabled.
Single Sign-Off
Seagate Login
2023-02-10 07:02:52
Since your browser does not support JavaScript,
You do not have Javascript enabled.
Single Sign-Off
Seagate Login
2023-02-10 07:03:58
Since your browser does not support JavaScript,
You do not have Javascript enabled.
Single Sign-Off
Seagate Login
2023-02-10 07:05:04
Since your browser does not support JavaScript,
You do not have Javascript enabled.
Single Sign-Off
Seagate Login
2023-02-10 07:06:10
Since your browser does not support JavaScript,
You do not have Javascript enabled.
Single Sign-Off
Seagate Login
2023-02-10 07:07:16
Since your browser does not support JavaScript,
You do not have Javascript enabled.
Single Sign-Off
Seagate Login
2023-02-10 07:08:21
Since your browser does not support JavaScript,
You do not have Javascript enabled.
Single Sign-Off
Seagate Login
2023-02-10 07:09:26
Since your browser does not support JavaScript,
You do not have Javascript enabled.
Single Sign-Off
Seagate Login
2023-02-10 07:10:31
Since your browser does not support JavaScript,
You do not have Javascript enabled.
Single Sign-Off
Seagate Login
2023-02-10 07:11:36
Since your browser does not support JavaScript,
You do not have Javascript enabled.
Single Sign-Off
Seagate Login
2023-02-10 07:12:41
Since your browser does not support JavaScript,
You do not have Javascript enabled.
Single Sign-Off
Seagate Login
2023-02-10 07:13:45
Since your browser does not support JavaScript,
You do not have Javascript enabled.
Single Sign-Off
Seagate Login
2023-02-10 07:14:52
Since your browser does not support JavaScript,
You do not have Javascript enabled.
Single Sign-Off
Seagate Login
2023-02-10 07:16:05
Since your browser does not support JavaScript,
You do not have Javascript enabled.
Single Sign-Off
Seagate Login
2023-02-10 07:17:10
Since your browser does not support JavaScript,
You do not have Javascript enabled.
Single Sign-Off
Seagate Login
2023-02-10 07:18:16
Since your browser does not support JavaScript,
You do not have Javascript enabled.
Single Sign-Off
Seagate Login
2023-02-10 07:19:20
Since your browser does not support JavaScript,
You do not have Javascript enabled.
Single Sign-Off
Seagate Login
2023-02-10 07:20:25
Since your browser does not support JavaScript,
You do not have Javascript enabled.
Single Sign-Off
Seagate Login
2023-02-10 07:21:32
Since your browser does not support JavaScript,
You do not have Javascript enabled.
Single Sign-Off
Seagate Login
2023-02-10 07:22:37
Since your browser does not support JavaScript,
You do not have Javascript enabled.
Single Sign-Off
Seagate Login
2023-02-10 07:23:43
Since your browser does not support JavaScript,
You do not have Javascript enabled.
Single Sign-Off
Seagate Login
2023-02-10 07:24:47
Since your browser does not support JavaScript,
You do not have Javascript enabled.
Single Sign-Off
Seagate Login
2023-02-10 07:25:55
Since your browser does not support JavaScript,
You do not have Javascript enabled.
Single Sign-Off
Seagate Login
2023-02-10 07:27:01
Since your browser does not support JavaScript,
You do not have Javascript enabled.
Single Sign-Off
Seagate Login
2023-02-10 07:28:06
Since your browser does not support JavaScript,
You do not have Javascript enabled.
Single Sign-Off
Seagate Login
2023-02-10 07:29:10
Since your browser does not support JavaScript,
You do not have Javascript enabled.
Single Sign-Off
Seagate Login
2023-02-10 07:30:16
Since your browser does not support JavaScript,
You do not have Javascript enabled.
Single Sign-Off
Seagate Login
2023-02-10 07:31:20
Since your browser does not support JavaScript,
You do not have Javascript enabled.
Single Sign-Off
Seagate Login
2023-02-10 07:32:24
Since your browser does not support JavaScript,
You do not have Javascript enabled.
Single Sign-Off
Seagate Login
2023-02-10 07:33:28
Since your browser does not support JavaScript,
You do not have Javascript enabled.
Single Sign-Off
Seagate Login
2023-02-10 07:34:33
Since your browser does not support JavaScript,
You do not have Javascript enabled.
Single Sign-Off
Seagate Login
2023-02-10 07:35:40
Since your browser does not support JavaScript,
You do not have Javascript enabled.
Single Sign-Off
Seagate Login
2023-02-10 07:36:45
Since your browser does not support JavaScript,
You do not have Javascript enabled.
Single Sign-Off
Seagate Login
2023-02-10 07:37:51
Since your browser does not support JavaScript,
You do not have Javascript enabled.
Single Sign-Off
Seagate Login
2023-02-10 07:38:56
Since your browser does not support JavaScript,
You do not have Javascript enabled.
Single Sign-Off
Seagate Login
2023-02-10 07:40:01
Since your browser does not support JavaScript,
You do not have Javascript enabled.
Single Sign-Off
Seagate Login
2023-02-10 07:41:06
Since your browser does not support JavaScript,
You do not have Javascript enabled.
Single Sign-Off
Seagate Login
2023-02-10 07:42:11
Since your browser does not support JavaScript,
You do not have Javascript enabled.
Single Sign-Off
Seagate Login
2023-02-10 07:43:15
Since your browser does not support JavaScript,
You do not have Javascript enabled.
Single Sign-Off
Seagate Login
2023-02-10 07:44:20
Since your browser does not support JavaScript,
You do not have Javascript enabled.
Single Sign-Off
Seagate Login
2023-02-10 07:45:25
Since your browser does not support JavaScript,
You do not have Javascript enabled.
Single Sign-Off
Seagate Login
2023-02-10 07:46:29
Since your browser does not support JavaScript,
You do not have Javascript enabled.
Single Sign-Off
Seagate Login
2023-02-10 07:47:34
Since your browser does not support JavaScript,
You do not have Javascript enabled.
Single Sign-Off
Seagate Login
2023-02-10 07:48:40
Since your browser does not support JavaScript,
You do not have Javascript enabled.
Single Sign-Off
Seagate Login
2023-02-10 07:49:44
Since your browser does not support JavaScript,
You do not have Javascript enabled.
Single Sign-Off
Seagate Login
2023-02-10 07:50:49
Since your browser does not support JavaScript,
You do not have Javascript enabled.
Single Sign-Off
Seagate Login
2023-02-10 07:51:55
Since your browser does not support JavaScript,
You do not have Javascript enabled.
Single Sign-Off
Seagate Login
2023-02-10 07:52:59
Since your browser does not support JavaScript,
You do not have Javascript enabled.
Single Sign-Off
Seagate Login
2023-02-10 07:54:04
Since your browser does not support JavaScript,
You do not have Javascript enabled.
Single Sign-Off
Seagate Login
2023-02-10 07:55:10
Since your browser does not support JavaScript,
You do not have Javascript enabled.
Single Sign-Off
Seagate Login
2023-02-10 07:56:14
Since your browser does not support JavaScript,
You do not have Javascript enabled.
Single Sign-Off
Seagate Login
2023-02-10 07:57:20
Since your browser does not support JavaScript,
You do not have Javascript enabled.
Single Sign-Off
Seagate Login
2023-02-10 07:58:25
Since your browser does not support JavaScript,
You do not have Javascript enabled.
Single Sign-Off
Seagate Login
2023-02-10 07:59:30
Since your browser does not support JavaScript,
You do not have Javascript enabled.
Single Sign-Off
Seagate Login
2023-02-10 08:00:35
Since your browser does not support JavaScript,
You do not have Javascript enabled.
Single Sign-Off
Seagate Login
2023-02-10 08:01:41
Since your browser does not support JavaScript,
You do not have Javascript enabled.
Single Sign-Off
Seagate Login
2023-02-10 08:02:45
Since your browser does not support JavaScript,
You do not have Javascript enabled.
Single Sign-Off
Seagate Login
2023-02-10 08:03:50
Since your browser does not support JavaScript,
You do not have Javascript enabled.
Single Sign-Off
Seagate Login
2023-02-10 08:04:55
Since your browser does not support JavaScript,
You do not have Javascript enabled.
Single Sign-Off
Seagate Login
2023-02-10 08:06:06
Since your browser does not support JavaScript,
You do not have Javascript enabled.
Single Sign-Off
Seagate Login
2023-02-10 08:07:12
Since your browser does not support JavaScript,
You do not have Javascript enabled.
Single Sign-Off
Seagate Login
2023-02-10 08:08:16
Since your browser does not support JavaScript,
You do not have Javascript enabled.
Single Sign-Off
Seagate Login
2023-02-10 08:09:23
Since your browser does not support JavaScript,
You do not have Javascript enabled.
Single Sign-Off
Seagate Login
2023-02-10 08:10:28
Since your browser does not support JavaScript,
You do not have Javascript enabled.
Single Sign-Off
Seagate Login
2023-02-10 08:11:33
Since your browser does not support JavaScript,
You do not have Javascript enabled.
Single Sign-Off
Seagate Login
2023-02-10 08:12:39
Since your browser does not support JavaScript,
You do not have Javascript enabled.
Single Sign-Off
Seagate Login
2023-02-10 08:13:44
Since your browser does not support JavaScript,
You do not have Javascript enabled.
Single Sign-Off
Seagate Login
2023-02-10 08:14:50
Since your browser does not support JavaScript,
You do not have Javascript enabled.
Single Sign-Off
Seagate Login
2023-02-10 08:15:55
Since your browser does not support JavaScript,
You do not have Javascript enabled.
Single Sign-Off
Seagate Login
2023-02-10 08:17:00
Since your browser does not support JavaScript,
You do not have Javascript enabled.
Single Sign-Off
Seagate Login
2023-02-10 08:18:05
Since your browser does not support JavaScript,
You do not have Javascript enabled.
Single Sign-Off
Seagate Login
2023-02-10 08:19:10
Since your browser does not support JavaScript,
You do not have Javascript enabled.
Single Sign-Off
Seagate Login
2023-02-10 08:20:15
Since your browser does not support JavaScript,
You do not have Javascript enabled.
Single Sign-Off
Seagate Login
2023-02-10 08:21:21
Since your browser does not support JavaScript,
You do not have Javascript enabled.
Single Sign-Off
Seagate Login
2023-02-10 08:22:26
Since your browser does not support JavaScript,
You do not have Javascript enabled.
Single Sign-Off
Seagate Login
2023-02-10 08:23:31
Since your browser does not support JavaScript,
You do not have Javascript enabled.
Single Sign-Off
Seagate Login
2023-02-10 08:24:36
Since your browser does not support JavaScript,
You do not have Javascript enabled.
Single Sign-Off
Seagate Login
2023-02-10 08:25:40
Since your browser does not support JavaScript,
You do not have Javascript enabled.
Single Sign-Off
Seagate Login
2023-02-10 08:26:45
Since your browser does not support JavaScript,
You do not have Javascript enabled.
Single Sign-Off
Seagate Login
2023-02-10 08:27:49
Since your browser does not support JavaScript,
You do not have Javascript enabled.
Single Sign-Off
Seagate Login
2023-02-10 08:28:53
Since your browser does not support JavaScript,
You do not have Javascript enabled.
Single Sign-Off
Seagate Login
2023-02-10 08:29:58
Since your browser does not support JavaScript,
You do not have Javascript enabled.
Single Sign-Off
Seagate Login
2023-02-10 08:31:02
Since your browser does not support JavaScript,
You do not have Javascript enabled.
Single Sign-Off
Seagate Login
2023-02-10 08:32:08
Since your browser does not support JavaScript,
You do not have Javascript enabled.
Single Sign-Off
Seagate Login
2023-02-10 08:33:12
Since your browser does not support JavaScript,
You do not have Javascript enabled.
Single Sign-Off
Seagate Login
2023-02-10 08:34:16
Since your browser does not support JavaScript,
You do not have Javascript enabled.
Single Sign-Off
Seagate Login
2023-02-10 08:35:21
Since your browser does not support JavaScript,
You do not have Javascript enabled.
Single Sign-Off
Seagate Login
2023-02-10 08:36:26
Since your browser does not support JavaScript,
You do not have Javascript enabled.
Single Sign-Off
Seagate Login
2023-02-10 08:37:31
Since your browser does not support JavaScript,
You do not have Javascript enabled.
Single Sign-Off
Seagate Login
2023-02-10 08:38:36
Since your browser does not support JavaScript,
You do not have Javascript enabled.
Single Sign-Off
Seagate Login
2023-02-10 08:39:42
Since your browser does not support JavaScript,
You do not have Javascript enabled.
Single Sign-Off
Seagate Login
2023-02-10 08:40:48
Since your browser does not support JavaScript,
You do not have Javascript enabled.
Single Sign-Off
Seagate Login
2023-02-10 08:41:54
Since your browser does not support JavaScript,
You do not have Javascript enabled.
Single Sign-Off
Seagate Login
2023-02-10 08:43:07
Since your browser does not support JavaScript,
You do not have Javascript enabled.
Single Sign-Off
Seagate Login
2023-02-10 08:44:12
Since your browser does not support JavaScript,
You do not have Javascript enabled.
Single Sign-Off
Seagate Login
2023-02-10 08:45:16
Since your browser does not support JavaScript,
You do not have Javascript enabled.
Single Sign-Off
Seagate Login
2023-02-10 08:46:22
Since your browser does not support JavaScript,
You do not have Javascript enabled.
Single Sign-Off
Seagate Login
2023-02-10 08:47:27
Since your browser does not support JavaScript,
You do not have Javascript enabled.
Single Sign-Off
Seagate Login
2023-02-10 08:48:32
Since your browser does not support JavaScript,
You do not have Javascript enabled.
Single Sign-Off
Seagate Login
2023-02-10 08:49:37
Since your browser does not support JavaScript,
You do not have Javascript enabled.
Single Sign-Off
Seagate Login
2023-02-10 08:50:42
Since your browser does not support JavaScript,
You do not have Javascript enabled.
Single Sign-Off
Seagate Login
2023-02-10 08:51:48
Since your browser does not support JavaScript,
You do not have Javascript enabled.
Single Sign-Off
Seagate Login
2023-02-10 08:52:53
Since your browser does not support JavaScript,
You do not have Javascript enabled.
Single Sign-Off
Seagate Login
2023-02-10 08:53:59
Since your browser does not support JavaScript,
You do not have Javascript enabled.
Single Sign-Off
Seagate Login
2023-02-10 08:55:05
Since your browser does not support JavaScript,
You do not have Javascript enabled.
Single Sign-Off
Seagate Login
2023-02-10 08:56:10
Since your browser does not support JavaScript,
You do not have Javascript enabled.
Single Sign-Off
Seagate Login
2023-02-10 08:57:15
Since your browser does not support JavaScript,
You do not have Javascript enabled.
Single Sign-Off
Seagate Login
2023-02-10 08:58:20
Since your browser does not support JavaScript,
You do not have Javascript enabled.
Single Sign-Off
Seagate Login
2023-02-10 08:59:25
Since your browser does not support JavaScript,
You do not have Javascript enabled.
Single Sign-Off
Seagate Login
2023-02-10 09:00:30
Since your browser does not support JavaScript,
You do not have Javascript enabled.
Single Sign-Off
Seagate Login
2023-02-10 09:01:39
Since your browser does not support JavaScript,
You do not have Javascript enabled.
Single Sign-Off
Seagate Login
2023-02-10 09:02:44
Since your browser does not support JavaScript,
You do not have Javascript enabled.
Single Sign-Off
Seagate Login
2023-02-10 09:03:48
Since your browser does not support JavaScript,
You do not have Javascript enabled.
Single Sign-Off
Seagate Login
2023-02-10 09:04:54
Since your browser does not support JavaScript,
You do not have Javascript enabled.
Single Sign-Off
Seagate Login
2023-02-10 09:06:08
Since your browser does not support JavaScript,
You do not have Javascript enabled.
Single Sign-Off
Seagate Login
2023-02-10 09:07:13
Since your browser does not support JavaScript,
You do not have Javascript enabled.
Single Sign-Off
Seagate Login
2023-02-10 09:08:18
Since your browser does not support JavaScript,
You do not have Javascript enabled.
Single Sign-Off
Seagate Login
2023-02-10 09:09:23
Since your browser does not support JavaScript,
You do not have Javascript enabled.
Single Sign-Off
Seagate Login
2023-02-10 09:10:27
Since your browser does not support JavaScript,
You do not have Javascript enabled.
Single Sign-Off
Seagate Login
2023-02-10 09:11:32
Since your browser does not support JavaScript,
You do not have Javascript enabled.
Single Sign-Off
Seagate Login
2023-02-10 09:12:38
Since your browser does not support JavaScript,
You do not have Javascript enabled.
Single Sign-Off
Seagate Login
2023-02-10 09:13:42
Since your browser does not support JavaScript,
You do not have Javascript enabled.
Single Sign-Off
Seagate Login
2023-02-10 09:14:48
Since your browser does not support JavaScript,
You do not have Javascript enabled.
Single Sign-Off
Seagate Login
2023-02-10 09:15:53
Since your browser does not support JavaScript,
You do not have Javascript enabled.
Single Sign-Off
Seagate Login
2023-02-10 09:17:03
Since your browser does not support JavaScript,
You do not have Javascript enabled.
Single Sign-Off
Seagate Login
2023-02-10 09:18:08
Since your browser does not support JavaScript,
You do not have Javascript enabled.
Single Sign-Off
Seagate Login
2023-02-10 09:19:13
Since your browser does not support JavaScript,
You do not have Javascript enabled.
Single Sign-Off
Seagate Login
2023-02-10 09:41:29
Traceback (most recent call last):
  File "C:\Users\930259\AppData\Roaming\Python\Python310\site-packages\urllib3\connection.py", line 174, in _new_conn
    conn = connection.create_connection(
  File "C:\Users\930259\AppData\Roaming\Python\Python310\site-packages\urllib3\util\connection.py", line 95, in create_connection
    raise err
  File "C:\Users\930259\AppData\Roaming\Python\Python310\site-packages\urllib3\util\connection.py", line 85, in create_connection
    sock.connect(sa)
OSError: [WinError 10013] An attempt was made to access a socket in a way forbidden by its access permissions

During handling of the above exception, another exception occurred:

Traceback (most recent call last):
  File "C:\Users\930259\AppData\Roaming\Python\Python310\site-packages\urllib3\connectionpool.py", line 703, in urlopen
    httplib_response = self._make_request(
  File "C:\Users\930259\AppData\Roaming\Python\Python310\site-packages\urllib3\connectionpool.py", line 386, in _make_request
    self._validate_conn(conn)
  File "C:\Users\930259\AppData\Roaming\Python\Python310\site-packages\urllib3\connectionpool.py", line 1040, in _validate_conn
    conn.connect()
  File "C:\Users\930259\AppData\Roaming\Python\Python310\site-packages\urllib3\connection.py", line 358, in connect
    self.sock = conn = self._new_conn()
  File "C:\Users\930259\AppData\Roaming\Python\Python310\site-packages\urllib3\connection.py", line 186, in _new_conn
    raise NewConnectionError(
urllib3.exceptions.NewConnectionError: <urllib3.connection.HTTPSConnection object at 0x00000246DC3333D0>: Failed to establish a new connection: [WinError 10013] An attempt was made to access a socket in a way forbidden by its access permissions

During handling of the above exception, another exception occurred:

Traceback (most recent call last):
  File "C:\Users\930259\AppData\Roaming\Python\Python310\site-packages\requests\adapters.py", line 440, in send
    resp = conn.urlopen(
  File "C:\Users\930259\AppData\Roaming\Python\Python310\site-packages\urllib3\connectionpool.py", line 785, in urlopen
    retries = retries.increment(
  File "C:\Users\930259\AppData\Roaming\Python\Python310\site-packages\urllib3\util\retry.py", line 592, in increment
    raise MaxRetryError(_pool, url, error or ResponseError(cause))
urllib3.exceptions.MaxRetryError: HTTPSConnectionPool(host='www.lacie.com', port=443): Max retries exceeded with url: /ww/secure/partner-redirect?newPage=true (Caused by NewConnectionError('<urllib3.connection.HTTPSConnection object at 0x00000246DC3333D0>: Failed to establish a new connection: [WinError 10013] An attempt was made to access a socket in a way forbidden by its access permissions'))

During handling of the above exception, another exception occurred:

Traceback (most recent call last):
  File "C:\Users\930259\Downloads\DEV\curl\curl_script.py", line 55, in <module>
    response = session.post(url, data=data, verify=False)
  File "C:\Users\930259\AppData\Roaming\Python\Python310\site-packages\requests\sessions.py", line 577, in post
    return self.request('POST', url, data=data, json=json, **kwargs)
  File "C:\Users\930259\AppData\Roaming\Python\Python310\site-packages\requests\sessions.py", line 529, in request
    resp = self.send(prep, **send_kwargs)
  File "C:\Users\930259\AppData\Roaming\Python\Python310\site-packages\requests\sessions.py", line 667, in send
    history = [resp for resp in gen]
  File "C:\Users\930259\AppData\Roaming\Python\Python310\site-packages\requests\sessions.py", line 667, in <listcomp>
    history = [resp for resp in gen]
  File "C:\Users\930259\AppData\Roaming\Python\Python310\site-packages\requests\sessions.py", line 237, in resolve_redirects
    resp = self.send(
  File "C:\Users\930259\AppData\Roaming\Python\Python310\site-packages\requests\sessions.py", line 645, in send
    r = adapter.send(request, **kwargs)
  File "C:\Users\930259\AppData\Roaming\Python\Python310\site-packages\requests\adapters.py", line 519, in send
    raise ConnectionError(e, request=request)
requests.exceptions.ConnectionError: HTTPSConnectionPool(host='www.lacie.com', port=443): Max retries exceeded with url: /ww/secure/partner-redirect?newPage=true (Caused by NewConnectionError('<urllib3.connection.HTTPSConnection object at 0x00000246DC3333D0>: Failed to establish a new connection: [WinError 10013] An attempt was made to access a socket in a way forbidden by its access permissions'))
2023-02-10 09:42:30
Since your browser does not support JavaScript,
You do not have Javascript enabled.
Single Sign-Off
Seagate Login
2023-02-10 09:43:36
Since your browser does not support JavaScript,
You do not have Javascript enabled.
Single Sign-Off
Seagate Login
2023-02-10 09:44:42
Since your browser does not support JavaScript,
You do not have Javascript enabled.
Single Sign-Off
Seagate Login
2023-02-10 09:45:49
Since your browser does not support JavaScript,
You do not have Javascript enabled.
Single Sign-Off
Seagate Login
2023-02-10 09:46:55
Since your browser does not support JavaScript,
You do not have Javascript enabled.
Single Sign-Off
Seagate Login
2023-02-10 09:48:01
Since your browser does not support JavaScript,
You do not have Javascript enabled.
Single Sign-Off
Seagate Login
2023-02-10 09:49:06
Since your browser does not support JavaScript,
You do not have Javascript enabled.
Single Sign-Off
Seagate Login
2023-02-10 09:50:11
Since your browser does not support JavaScript,
You do not have Javascript enabled.
Single Sign-Off
Seagate Login
2023-02-10 09:51:16
Since your browser does not support JavaScript,
You do not have Javascript enabled.
Single Sign-Off
Seagate Login
2023-02-10 09:52:22
Since your browser does not support JavaScript,
You do not have Javascript enabled.
Single Sign-Off
Seagate Login
2023-02-10 09:53:27
Since your browser does not support JavaScript,
You do not have Javascript enabled.
Single Sign-Off
Seagate Login
2023-02-10 09:54:32
Since your browser does not support JavaScript,
You do not have Javascript enabled.
Single Sign-Off
Seagate Login
2023-02-10 09:55:38
Since your browser does not support JavaScript,
You do not have Javascript enabled.
Single Sign-Off
Seagate Login
2023-02-10 09:56:45
Since your browser does not support JavaScript,
You do not have Javascript enabled.
Single Sign-Off
Seagate Login
2023-02-10 09:57:51
Since your browser does not support JavaScript,
You do not have Javascript enabled.
Single Sign-Off
Seagate Login
2023-02-10 09:58:59
Since your browser does not support JavaScript,
You do not have Javascript enabled.
Single Sign-Off
Seagate Login
2023-02-10 10:00:05
Since your browser does not support JavaScript,
You do not have Javascript enabled.
Single Sign-Off
Seagate Login
2023-02-10 10:01:12
Since your browser does not support JavaScript,
You do not have Javascript enabled.
Single Sign-Off
Seagate Login
2023-02-10 10:02:18
Since your browser does not support JavaScript,
You do not have Javascript enabled.
Single Sign-Off
Seagate Login
2023-02-10 10:03:25
Since your browser does not support JavaScript,
You do not have Javascript enabled.
Single Sign-Off
Seagate Login
2023-02-10 10:04:31
Since your browser does not support JavaScript,
You do not have Javascript enabled.
Single Sign-Off
Seagate Login
2023-02-10 10:05:38
Since your browser does not support JavaScript,
You do not have Javascript enabled.
Single Sign-Off
Seagate Login
2023-02-10 10:06:44
Since your browser does not support JavaScript,
You do not have Javascript enabled.
Single Sign-Off
Seagate Login
2023-02-10 10:07:49
Since your browser does not support JavaScript,
You do not have Javascript enabled.
Single Sign-Off
Seagate Login
2023-02-10 10:08:54
Since your browser does not support JavaScript,
Traceback (most recent call last):
  File "C:\Users\930259\Downloads\DEV\curl\curl_script.py", line 112, in <module>
    var_ACTION = re.search('ACTION="(.*?)"', response.content.decode("utf-8")).group(1)
AttributeError: 'NoneType' object has no attribute 'group'
2023-02-10 10:09:58
Since your browser does not support JavaScript,
Traceback (most recent call last):
  File "C:\Users\930259\Downloads\DEV\curl\curl_script.py", line 112, in <module>
    var_ACTION = re.search('ACTION="(.*?)"', response.content.decode("utf-8")).group(1)
AttributeError: 'NoneType' object has no attribute 'group'
2023-02-10 10:11:03
Since your browser does not support JavaScript,
You do not have Javascript enabled.
Single Sign-Off
Seagate Login
2023-02-10 10:12:08
Since your browser does not support JavaScript,
You do not have Javascript enabled.
Single Sign-Off
Seagate Login
2023-02-10 10:13:14
Since your browser does not support JavaScript,
You do not have Javascript enabled.
Single Sign-Off
Seagate Login
2023-02-10 10:14:18
Since your browser does not support JavaScript,
You do not have Javascript enabled.
Single Sign-Off
Seagate Login
2023-02-10 10:15:23
Since your browser does not support JavaScript,
You do not have Javascript enabled.
Single Sign-Off
Seagate Login
2023-02-10 10:16:28
Since your browser does not support JavaScript,
You do not have Javascript enabled.
Single Sign-Off
Seagate Login
2023-02-10 10:17:33
Since your browser does not support JavaScript,
You do not have Javascript enabled.
Single Sign-Off
Seagate Login
2023-02-10 10:18:38
Since your browser does not support JavaScript,
You do not have Javascript enabled.
Single Sign-Off
Seagate Login
2023-02-10 10:19:44
Since your browser does not support JavaScript,
You do not have Javascript enabled.
Single Sign-Off
Seagate Login
2023-02-10 10:20:49
Since your browser does not support JavaScript,
You do not have Javascript enabled.
Single Sign-Off
Seagate Login
2023-02-10 10:21:55
Since your browser does not support JavaScript,
You do not have Javascript enabled.
Single Sign-Off
Seagate Login
2023-02-10 10:23:00
Since your browser does not support JavaScript,
You do not have Javascript enabled.
Single Sign-Off
Seagate Login
2023-02-10 10:24:06
Since your browser does not support JavaScript,
You do not have Javascript enabled.
Single Sign-Off
Seagate Login
2023-02-10 10:25:11
Since your browser does not support JavaScript,
You do not have Javascript enabled.
Single Sign-Off
Seagate Login
2023-02-10 10:26:16
Since your browser does not support JavaScript,
You do not have Javascript enabled.
Single Sign-Off
Seagate Login
2023-02-10 10:27:22
Since your browser does not support JavaScript,
You do not have Javascript enabled.
Single Sign-Off
Seagate Login
2023-02-10 10:28:27
Since your browser does not support JavaScript,
You do not have Javascript enabled.
Single Sign-Off
Seagate Login
2023-02-10 10:29:32
Since your browser does not support JavaScript,
You do not have Javascript enabled.
Single Sign-Off
Seagate Login
2023-02-10 10:30:38
Since your browser does not support JavaScript,
You do not have Javascript enabled.
Single Sign-Off
Seagate Login
2023-02-10 10:31:43
Since your browser does not support JavaScript,
You do not have Javascript enabled.
Single Sign-Off
Seagate Login
2023-02-10 10:32:48
Since your browser does not support JavaScript,
You do not have Javascript enabled.
Single Sign-Off
Seagate Login
2023-02-10 10:33:53
Since your browser does not support JavaScript,
You do not have Javascript enabled.
Single Sign-Off
Seagate Login
2023-02-10 10:34:57
Since your browser does not support JavaScript,
You do not have Javascript enabled.
Single Sign-Off
Seagate Login
2023-02-10 10:36:02
Since your browser does not support JavaScript,
You do not have Javascript enabled.
Single Sign-Off
Seagate Login
2023-02-10 10:37:08
Since your browser does not support JavaScript,
You do not have Javascript enabled.
Single Sign-Off
Seagate Login
2023-02-10 10:38:14
Since your browser does not support JavaScript,
You do not have Javascript enabled.
Single Sign-Off
Seagate Login
2023-02-10 10:39:20
Since your browser does not support JavaScript,
You do not have Javascript enabled.
Single Sign-Off
Seagate Login
2023-02-10 10:40:26
Since your browser does not support JavaScript,
You do not have Javascript enabled.
Single Sign-Off
Seagate Login
2023-02-10 10:41:32
Since your browser does not support JavaScript,
You do not have Javascript enabled.
Single Sign-Off
Seagate Login
2023-02-10 10:42:37
Since your browser does not support JavaScript,
You do not have Javascript enabled.
Single Sign-Off
Seagate Login
2023-02-10 10:43:45
Since your browser does not support JavaScript,
You do not have Javascript enabled.
Single Sign-Off
Seagate Login
2023-02-10 10:44:51
Since your browser does not support JavaScript,
You do not have Javascript enabled.
Single Sign-Off
Seagate Login
2023-02-10 10:45:57
Since your browser does not support JavaScript,
You do not have Javascript enabled.
Single Sign-Off
Seagate Login
2023-02-10 10:47:03
Since your browser does not support JavaScript,
You do not have Javascript enabled.
Single Sign-Off
Seagate Login
2023-02-10 10:48:08
Since your browser does not support JavaScript,
You do not have Javascript enabled.
Single Sign-Off
Seagate Login
2023-02-10 10:49:13
Since your browser does not support JavaScript,
You do not have Javascript enabled.
Single Sign-Off
Seagate Login
2023-02-10 10:50:17
Since your browser does not support JavaScript,
You do not have Javascript enabled.
Single Sign-Off
Seagate Login
2023-02-10 10:51:21
Since your browser does not support JavaScript,
You do not have Javascript enabled.
Single Sign-Off
Seagate Login
2023-02-10 10:52:26
Since your browser does not support JavaScript,
You do not have Javascript enabled.
Single Sign-Off
Seagate Login
2023-02-10 10:53:31
Since your browser does not support JavaScript,
You do not have Javascript enabled.
Single Sign-Off
Seagate Login
2023-02-10 10:54:35
Since your browser does not support JavaScript,
You do not have Javascript enabled.
Single Sign-Off
Seagate Login
2023-02-10 10:55:40
Since your browser does not support JavaScript,
You do not have Javascript enabled.
Single Sign-Off
Seagate Login
2023-02-10 10:56:46
Since your browser does not support JavaScript,
You do not have Javascript enabled.
Single Sign-Off
Seagate Login
2023-02-10 10:57:51
Since your browser does not support JavaScript,
You do not have Javascript enabled.
Single Sign-Off
Seagate Login
2023-02-10 10:58:55
Since your browser does not support JavaScript,
You do not have Javascript enabled.
Single Sign-Off
Seagate Login
2023-02-10 10:59:59
Since your browser does not support JavaScript,
You do not have Javascript enabled.
Single Sign-Off
Seagate Login
2023-02-10 11:01:03
Since your browser does not support JavaScript,
You do not have Javascript enabled.
Single Sign-Off
Seagate Login
2023-02-10 11:02:09
Since your browser does not support JavaScript,
You do not have Javascript enabled.
Single Sign-Off
Seagate Login
2023-02-10 11:03:13
Since your browser does not support JavaScript,
You do not have Javascript enabled.
Single Sign-Off
Seagate Login
2023-02-10 11:04:20
Since your browser does not support JavaScript,
You do not have Javascript enabled.
Single Sign-Off
Seagate Login
2023-02-10 11:05:26
Since your browser does not support JavaScript,
You do not have Javascript enabled.
Single Sign-Off
Seagate Login
2023-02-10 11:06:31
Since your browser does not support JavaScript,
You do not have Javascript enabled.
Single Sign-Off
Seagate Login
2023-02-10 11:07:37
Since your browser does not support JavaScript,
You do not have Javascript enabled.
Single Sign-Off
Seagate Login
2023-02-10 11:08:44
Since your browser does not support JavaScript,
You do not have Javascript enabled.
Single Sign-Off
Seagate Login
2023-02-10 11:09:49
Since your browser does not support JavaScript,
You do not have Javascript enabled.
Single Sign-Off
Seagate Login
2023-02-10 11:10:54
Since your browser does not support JavaScript,
You do not have Javascript enabled.
Single Sign-Off
Seagate Login
2023-02-10 11:11:59
Since your browser does not support JavaScript,
You do not have Javascript enabled.
Single Sign-Off
Seagate Login
2023-02-10 11:13:04
Since your browser does not support JavaScript,
You do not have Javascript enabled.
Single Sign-Off
Seagate Login
2023-02-10 11:14:09
Since your browser does not support JavaScript,
You do not have Javascript enabled.
Single Sign-Off
Seagate Login
2023-02-10 11:15:16
Since your browser does not support JavaScript,
You do not have Javascript enabled.
Single Sign-Off
Seagate Login
2023-02-10 11:16:20
Since your browser does not support JavaScript,
You do not have Javascript enabled.
Single Sign-Off
Seagate Login
2023-02-10 11:17:25
Since your browser does not support JavaScript,
You do not have Javascript enabled.
Single Sign-Off
Seagate Login
2023-02-10 11:18:30
Since your browser does not support JavaScript,
You do not have Javascript enabled.
Single Sign-Off
Seagate Login
2023-02-10 11:19:36
Since your browser does not support JavaScript,
You do not have Javascript enabled.
Single Sign-Off
Seagate Login
2023-02-10 11:20:41
Since your browser does not support JavaScript,
You do not have Javascript enabled.
Single Sign-Off
Seagate Login
2023-02-10 11:21:47
Since your browser does not support JavaScript,
You do not have Javascript enabled.
Single Sign-Off
Seagate Login
2023-02-10 11:22:52
Since your browser does not support JavaScript,
You do not have Javascript enabled.
Single Sign-Off
Seagate Login
2023-02-10 11:24:07
Since your browser does not support JavaScript,
You do not have Javascript enabled.
Single Sign-Off
Seagate Login
2023-02-10 11:25:12
Since your browser does not support JavaScript,
You do not have Javascript enabled.
Single Sign-Off
Seagate Login
2023-02-10 11:26:17
Since your browser does not support JavaScript,
You do not have Javascript enabled.
Single Sign-Off
Seagate Login
2023-02-10 11:27:26
Since your browser does not support JavaScript,
You do not have Javascript enabled.
Single Sign-Off
Seagate Login
2023-02-10 11:28:31
Since your browser does not support JavaScript,
You do not have Javascript enabled.
Single Sign-Off
Seagate Login
2023-02-10 11:29:35
Since your browser does not support JavaScript,
You do not have Javascript enabled.
Single Sign-Off
Seagate Login
2023-02-10 11:30:40
Since your browser does not support JavaScript,
You do not have Javascript enabled.
Single Sign-Off
Seagate Login
2023-02-10 11:31:46
Since your browser does not support JavaScript,
You do not have Javascript enabled.
Single Sign-Off
Seagate Login
2023-02-10 11:32:52
Since your browser does not support JavaScript,
You do not have Javascript enabled.
Single Sign-Off
Seagate Login
2023-02-10 11:33:56
Since your browser does not support JavaScript,
You do not have Javascript enabled.
Single Sign-Off
Seagate Login
2023-02-10 11:35:00
Since your browser does not support JavaScript,
You do not have Javascript enabled.
Single Sign-Off
Seagate Login
2023-02-10 11:36:05
Since your browser does not support JavaScript,
You do not have Javascript enabled.
Single Sign-Off
Seagate Login
2023-02-10 11:37:11
Since your browser does not support JavaScript,
You do not have Javascript enabled.
Single Sign-Off
Seagate Login
2023-02-10 11:38:16
Since your browser does not support JavaScript,
You do not have Javascript enabled.
Single Sign-Off
Seagate Login
2023-02-10 11:39:22
Since your browser does not support JavaScript,
You do not have Javascript enabled.
Single Sign-Off
Seagate Login
2023-02-10 11:40:28
Since your browser does not support JavaScript,
You do not have Javascript enabled.
Single Sign-Off
Seagate Login
2023-02-10 11:41:33
Since your browser does not support JavaScript,
You do not have Javascript enabled.
Single Sign-Off
Seagate Login
2023-02-10 11:42:37
Since your browser does not support JavaScript,
You do not have Javascript enabled.
Single Sign-Off
Seagate Login
2023-02-10 11:43:43
Since your browser does not support JavaScript,
You do not have Javascript enabled.
Single Sign-Off
Seagate Login
2023-02-10 11:44:49
Since your browser does not support JavaScript,
You do not have Javascript enabled.
Single Sign-Off
Seagate Login
2023-02-10 11:45:55
Since your browser does not support JavaScript,
You do not have Javascript enabled.
Single Sign-Off
Seagate Login
2023-02-10 11:47:00
Since your browser does not support JavaScript,
You do not have Javascript enabled.
Single Sign-Off
Seagate Login
2023-02-10 11:48:05
Since your browser does not support JavaScript,
You do not have Javascript enabled.
Single Sign-Off
Seagate Login
2023-02-10 11:49:10
Since your browser does not support JavaScript,
You do not have Javascript enabled.
Single Sign-Off
Seagate Login
2023-02-10 11:50:14
Since your browser does not support JavaScript,
You do not have Javascript enabled.
Single Sign-Off
Seagate Login
2023-02-10 11:51:19
Since your browser does not support JavaScript,
You do not have Javascript enabled.
Single Sign-Off
Seagate Login
2023-02-10 11:52:24
Since your browser does not support JavaScript,
You do not have Javascript enabled.
Single Sign-Off
Seagate Login
2023-02-10 11:53:29
Since your browser does not support JavaScript,
You do not have Javascript enabled.
Single Sign-Off
Seagate Login
2023-02-10 11:54:34
Since your browser does not support JavaScript,
You do not have Javascript enabled.
Single Sign-Off
Seagate Login
2023-02-10 11:55:40
Since your browser does not support JavaScript,
You do not have Javascript enabled.
Single Sign-Off
Seagate Login
2023-02-10 11:56:44
Since your browser does not support JavaScript,
You do not have Javascript enabled.
Single Sign-Off
Seagate Login
2023-02-10 11:57:49
Since your browser does not support JavaScript,
You do not have Javascript enabled.
Single Sign-Off
Seagate Login
2023-02-10 11:58:53
Since your browser does not support JavaScript,
You do not have Javascript enabled.
Single Sign-Off
Seagate Login
2023-02-10 11:59:58
Since your browser does not support JavaScript,
You do not have Javascript enabled.
Single Sign-Off
Seagate Login
2023-02-10 12:01:03
Since your browser does not support JavaScript,
You do not have Javascript enabled.
Single Sign-Off
Seagate Login
2023-02-10 12:02:08
Since your browser does not support JavaScript,
You do not have Javascript enabled.
Single Sign-Off
Seagate Login
2023-02-10 12:03:14
Since your browser does not support JavaScript,
You do not have Javascript enabled.
Single Sign-Off
Seagate Login
2023-02-10 12:04:20
Since your browser does not support JavaScript,
You do not have Javascript enabled.
Single Sign-Off
Seagate Login
2023-02-10 12:05:24
Since your browser does not support JavaScript,
You do not have Javascript enabled.
Single Sign-Off
Seagate Login
2023-02-10 12:06:29
Since your browser does not support JavaScript,
You do not have Javascript enabled.
Single Sign-Off
Seagate Login
2023-02-10 12:07:36
Since your browser does not support JavaScript,
You do not have Javascript enabled.
Single Sign-Off
Seagate Login
2023-02-10 12:08:41
Since your browser does not support JavaScript,
You do not have Javascript enabled.
Single Sign-Off
Seagate Login
2023-02-10 12:09:46
Since your browser does not support JavaScript,
You do not have Javascript enabled.
Single Sign-Off
Seagate Login
2023-02-10 12:10:51
Since your browser does not support JavaScript,
You do not have Javascript enabled.
Single Sign-Off
Seagate Login
2023-02-10 12:12:00
Since your browser does not support JavaScript,
You do not have Javascript enabled.
Single Sign-Off
Seagate Login
2023-02-10 12:13:06
Since your browser does not support JavaScript,
You do not have Javascript enabled.
Single Sign-Off
Seagate Login
2023-02-10 12:14:11
Since your browser does not support JavaScript,
You do not have Javascript enabled.
Single Sign-Off
Seagate Login
2023-02-10 12:15:17
Since your browser does not support JavaScript,
You do not have Javascript enabled.
Single Sign-Off
Seagate Login
2023-02-10 12:16:23
Since your browser does not support JavaScript,
You do not have Javascript enabled.
Single Sign-Off
Seagate Login
2023-02-10 12:17:29
Since your browser does not support JavaScript,
You do not have Javascript enabled.
Single Sign-Off
Seagate Login
2023-02-10 12:18:35
Since your browser does not support JavaScript,
You do not have Javascript enabled.
Single Sign-Off
Seagate Login
2023-02-10 12:19:40
Since your browser does not support JavaScript,
You do not have Javascript enabled.
Single Sign-Off
Seagate Login
2023-02-10 12:20:47
Since your browser does not support JavaScript,
You do not have Javascript enabled.
Single Sign-Off
Seagate Login
2023-02-10 12:21:52
Since your browser does not support JavaScript,
You do not have Javascript enabled.
Single Sign-Off
Seagate Login
2023-02-10 12:22:59
Since your browser does not support JavaScript,
You do not have Javascript enabled.
Single Sign-Off
Seagate Login
2023-02-10 12:24:04
Since your browser does not support JavaScript,
You do not have Javascript enabled.
Single Sign-Off
Seagate Login
2023-02-10 12:25:10
Since your browser does not support JavaScript,
You do not have Javascript enabled.
Single Sign-Off
Seagate Login
2023-02-10 12:26:15
Since your browser does not support JavaScript,
You do not have Javascript enabled.
Single Sign-Off
Seagate Login
2023-02-10 12:27:21
Since your browser does not support JavaScript,
You do not have Javascript enabled.
Single Sign-Off
Seagate Login
2023-02-10 12:28:27
Since your browser does not support JavaScript,
You do not have Javascript enabled.
Single Sign-Off
Seagate Login
2023-02-10 12:29:32
Since your browser does not support JavaScript,
You do not have Javascript enabled.
Single Sign-Off
Seagate Login
2023-02-10 12:30:38
Since your browser does not support JavaScript,
You do not have Javascript enabled.
Single Sign-Off
Seagate Login
2023-02-10 12:31:44
Since your browser does not support JavaScript,
You do not have Javascript enabled.
Single Sign-Off
Seagate Login
2023-02-10 12:32:49
Since your browser does not support JavaScript,
You do not have Javascript enabled.
Single Sign-Off
Seagate Login
2023-02-10 12:33:54
Since your browser does not support JavaScript,
You do not have Javascript enabled.
Single Sign-Off
Seagate Login
2023-02-10 12:34:59
Since your browser does not support JavaScript,
You do not have Javascript enabled.
Single Sign-Off
Seagate Login
2023-02-10 12:36:03
Since your browser does not support JavaScript,
You do not have Javascript enabled.
Single Sign-Off
Seagate Login
2023-02-10 12:37:07
Since your browser does not support JavaScript,
You do not have Javascript enabled.
Single Sign-Off
Seagate Login
2023-02-10 12:38:11
Since your browser does not support JavaScript,
You do not have Javascript enabled.
Single Sign-Off
Seagate Login
2023-02-10 12:39:16
Since your browser does not support JavaScript,
You do not have Javascript enabled.
Single Sign-Off
Seagate Login
2023-02-10 12:40:20
Since your browser does not support JavaScript,
You do not have Javascript enabled.
Single Sign-Off
Seagate Login
2023-02-10 12:41:24
Since your browser does not support JavaScript,
You do not have Javascript enabled.
Single Sign-Off
Seagate Login
2023-02-10 12:42:28
Since your browser does not support JavaScript,
You do not have Javascript enabled.
Single Sign-Off
Seagate Login
2023-02-10 12:43:33
Since your browser does not support JavaScript,
You do not have Javascript enabled.
Single Sign-Off
Seagate Login
2023-02-10 12:44:39
Since your browser does not support JavaScript,
You do not have Javascript enabled.
Single Sign-Off
Seagate Login
2023-02-10 12:45:45
Since your browser does not support JavaScript,
You do not have Javascript enabled.
Single Sign-Off
Seagate Login
2023-02-10 12:46:51
Since your browser does not support JavaScript,
You do not have Javascript enabled.
Single Sign-Off
Seagate Login
2023-02-10 12:47:59
Since your browser does not support JavaScript,
You do not have Javascript enabled.
Single Sign-Off
Seagate Login
2023-02-10 12:49:04
Since your browser does not support JavaScript,
You do not have Javascript enabled.
Single Sign-Off
Seagate Login
2023-02-10 12:50:09
Since your browser does not support JavaScript,
You do not have Javascript enabled.
Single Sign-Off
Seagate Login
2023-02-10 12:51:14
Since your browser does not support JavaScript,
You do not have Javascript enabled.
Single Sign-Off
Seagate Login
2023-02-10 12:52:19
Since your browser does not support JavaScript,
You do not have Javascript enabled.
Single Sign-Off
Seagate Login
2023-02-10 12:53:25
Since your browser does not support JavaScript,
You do not have Javascript enabled.
Single Sign-Off
Seagate Login
2023-02-10 12:54:31
Since your browser does not support JavaScript,
You do not have Javascript enabled.
Single Sign-Off
Seagate Login
2023-02-10 12:55:36
Since your browser does not support JavaScript,
You do not have Javascript enabled.
Single Sign-Off
Seagate Login
2023-02-10 12:56:40
Since your browser does not support JavaScript,
You do not have Javascript enabled.
Single Sign-Off
Seagate Login
2023-02-10 12:57:46
Since your browser does not support JavaScript,
You do not have Javascript enabled.
Single Sign-Off
Seagate Login
2023-02-10 12:58:51
Since your browser does not support JavaScript,
You do not have Javascript enabled.
Single Sign-Off
Seagate Login
2023-02-10 12:59:59
Since your browser does not support JavaScript,
You do not have Javascript enabled.
Single Sign-Off
Seagate Login
2023-02-10 13:01:05
Since your browser does not support JavaScript,
You do not have Javascript enabled.
Single Sign-Off
Seagate Login
2023-02-10 13:02:11
Since your browser does not support JavaScript,
You do not have Javascript enabled.
Single Sign-Off
Seagate Login
2023-02-10 13:03:18
Since your browser does not support JavaScript,
You do not have Javascript enabled.
Single Sign-Off
Seagate Login
2023-02-10 13:04:24
Since your browser does not support JavaScript,
You do not have Javascript enabled.
Single Sign-Off
Seagate Login
2023-02-10 13:05:29
Since your browser does not support JavaScript,
You do not have Javascript enabled.
Single Sign-Off
Seagate Login
2023-02-10 13:06:35
Since your browser does not support JavaScript,
You do not have Javascript enabled.
Single Sign-Off
Seagate Login
2023-02-10 13:07:40
Since your browser does not support JavaScript,
You do not have Javascript enabled.
Single Sign-Off
Seagate Login
2023-02-10 13:08:45
Since your browser does not support JavaScript,
You do not have Javascript enabled.
Single Sign-Off
Seagate Login
2023-02-10 13:09:50
Since your browser does not support JavaScript,
You do not have Javascript enabled.
Single Sign-Off
Seagate Login
2023-02-10 13:10:55
Since your browser does not support JavaScript,
You do not have Javascript enabled.
Single Sign-Off
Seagate Login
2023-02-10 13:12:00
Since your browser does not support JavaScript,
You do not have Javascript enabled.
Single Sign-Off
Seagate Login
2023-02-10 13:13:05
Since your browser does not support JavaScript,
You do not have Javascript enabled.
Single Sign-Off
Seagate Login
2023-02-10 13:14:11
Since your browser does not support JavaScript,
You do not have Javascript enabled.
Single Sign-Off
Seagate Login
2023-02-10 13:15:18
Since your browser does not support JavaScript,
You do not have Javascript enabled.
Single Sign-Off
Seagate Login
2023-02-10 13:16:23
Since your browser does not support JavaScript,
You do not have Javascript enabled.
Single Sign-Off
Seagate Login
2023-02-10 13:17:29
Since your browser does not support JavaScript,
You do not have Javascript enabled.
Single Sign-Off
Seagate Login
2023-02-10 13:18:34
Since your browser does not support JavaScript,
You do not have Javascript enabled.
Single Sign-Off
Seagate Login
2023-02-10 13:19:39
Since your browser does not support JavaScript,
You do not have Javascript enabled.
Single Sign-Off
Seagate Login
2023-02-10 13:20:45
Since your browser does not support JavaScript,
You do not have Javascript enabled.
Single Sign-Off
Seagate Login
2023-02-10 13:21:51
Since your browser does not support JavaScript,
You do not have Javascript enabled.
Single Sign-Off
Seagate Login
2023-02-10 13:22:56
Since your browser does not support JavaScript,
You do not have Javascript enabled.
Single Sign-Off
Seagate Login
2023-02-10 13:24:01
Since your browser does not support JavaScript,
You do not have Javascript enabled.
Single Sign-Off
Seagate Login
2023-02-10 13:25:06
Since your browser does not support JavaScript,
You do not have Javascript enabled.
Single Sign-Off
Seagate Login
2023-02-10 13:26:11
Since your browser does not support JavaScript,
You do not have Javascript enabled.
Single Sign-Off
Seagate Login
2023-02-10 13:27:16
Since your browser does not support JavaScript,
You do not have Javascript enabled.
Single Sign-Off
Seagate Login
2023-02-10 13:28:21
Since your browser does not support JavaScript,
You do not have Javascript enabled.
Single Sign-Off
Seagate Login
2023-02-10 13:29:26
Since your browser does not support JavaScript,
You do not have Javascript enabled.
Single Sign-Off
Seagate Login
2023-02-10 13:30:32
Since your browser does not support JavaScript,
You do not have Javascript enabled.
Single Sign-Off
Seagate Login
2023-02-10 13:31:40
Since your browser does not support JavaScript,
You do not have Javascript enabled.
Single Sign-Off
Seagate Login
2023-02-10 13:32:49
Since your browser does not support JavaScript,
You do not have Javascript enabled.
Single Sign-Off
Seagate Login
2023-02-10 13:33:55
Since your browser does not support JavaScript,
You do not have Javascript enabled.
Single Sign-Off
Seagate Login
2023-02-10 13:35:01
Since your browser does not support JavaScript,
You do not have Javascript enabled.
Single Sign-Off
Seagate Login
2023-02-10 13:36:06
Since your browser does not support JavaScript,
You do not have Javascript enabled.
Single Sign-Off
Seagate Login
2023-02-10 13:37:11
Since your browser does not support JavaScript,
You do not have Javascript enabled.
Single Sign-Off
Seagate Login
2023-02-10 13:38:15
Since your browser does not support JavaScript,
You do not have Javascript enabled.
Single Sign-Off
Seagate Login
2023-02-10 13:39:19
Since your browser does not support JavaScript,
You do not have Javascript enabled.
Single Sign-Off
Seagate Login
2023-02-10 13:40:30
Since your browser does not support JavaScript,
You do not have Javascript enabled.
Single Sign-Off
Seagate Login
2023-02-10 13:41:38
Since your browser does not support JavaScript,
You do not have Javascript enabled.
Single Sign-Off
Seagate Login
2023-02-10 13:42:46
Since your browser does not support JavaScript,
You do not have Javascript enabled.
Single Sign-Off
Seagate Login
2023-02-10 13:43:52
Since your browser does not support JavaScript,
You do not have Javascript enabled.
Single Sign-Off
Seagate Login
2023-02-10 13:45:02
Since your browser does not support JavaScript,
You do not have Javascript enabled.
Single Sign-Off
Seagate Login
2023-02-10 13:46:09
Since your browser does not support JavaScript,
You do not have Javascript enabled.
Single Sign-Off
Seagate Login
2023-02-10 13:47:15
Since your browser does not support JavaScript,
You do not have Javascript enabled.
Single Sign-Off
Seagate Login
2023-02-10 13:48:20
Since your browser does not support JavaScript,
You do not have Javascript enabled.
Single Sign-Off
Seagate Login
2023-02-10 13:49:25
Since your browser does not support JavaScript,
You do not have Javascript enabled.
Single Sign-Off
Seagate Login
2023-02-10 13:50:31
Since your browser does not support JavaScript,
You do not have Javascript enabled.
Single Sign-Off
Seagate Login
2023-02-10 13:51:37
Since your browser does not support JavaScript,
You do not have Javascript enabled.
Single Sign-Off
Seagate Login
2023-02-10 13:52:43
Since your browser does not support JavaScript,
You do not have Javascript enabled.
Single Sign-Off
Seagate Login
2023-02-10 13:53:49
Since your browser does not support JavaScript,
You do not have Javascript enabled.
Single Sign-Off
Seagate Login
2023-02-10 13:54:55
Since your browser does not support JavaScript,
You do not have Javascript enabled.
Single Sign-Off
Seagate Login
2023-02-10 13:56:00
Since your browser does not support JavaScript,
You do not have Javascript enabled.
Single Sign-Off
Seagate Login
2023-02-10 13:57:05
Since your browser does not support JavaScript,
You do not have Javascript enabled.
Single Sign-Off
Seagate Login
2023-02-10 13:58:11
Since your browser does not support JavaScript,
You do not have Javascript enabled.
Single Sign-Off
Seagate Login
2023-02-10 13:59:15
Since your browser does not support JavaScript,
You do not have Javascript enabled.
Single Sign-Off
Seagate Login
2023-02-10 14:00:19
Since your browser does not support JavaScript,
You do not have Javascript enabled.
Single Sign-Off
Seagate Login
2023-02-10 14:01:26
Since your browser does not support JavaScript,
You do not have Javascript enabled.
Single Sign-Off
Seagate Login
2023-02-10 14:02:32
Since your browser does not support JavaScript,
You do not have Javascript enabled.
Single Sign-Off
Seagate Login
2023-02-10 14:03:40
Since your browser does not support JavaScript,
You do not have Javascript enabled.
Single Sign-Off
Seagate Login
2023-02-10 14:04:46
Since your browser does not support JavaScript,
You do not have Javascript enabled.
Single Sign-Off
Seagate Login
2023-02-10 14:05:53
Since your browser does not support JavaScript,
You do not have Javascript enabled.
Single Sign-Off
Seagate Login
2023-02-10 14:07:06
Since your browser does not support JavaScript,
You do not have Javascript enabled.
Single Sign-Off
Seagate Login
2023-02-10 14:08:11
Since your browser does not support JavaScript,
You do not have Javascript enabled.
Single Sign-Off
Seagate Login
2023-02-10 14:09:15
Since your browser does not support JavaScript,
You do not have Javascript enabled.
Single Sign-Off
Seagate Login
2023-02-10 14:10:21
Since your browser does not support JavaScript,
You do not have Javascript enabled.
Single Sign-Off
Seagate Login
2023-02-10 14:11:25
Since your browser does not support JavaScript,
You do not have Javascript enabled.
Single Sign-Off
Seagate Login
2023-02-10 14:12:30
Since your browser does not support JavaScript,
You do not have Javascript enabled.
Single Sign-Off
Seagate Login
2023-02-10 14:13:35
Since your browser does not support JavaScript,
You do not have Javascript enabled.
Single Sign-Off
Seagate Login
2023-02-10 14:14:41
Since your browser does not support JavaScript,
You do not have Javascript enabled.
Single Sign-Off
Seagate Login
2023-02-10 14:15:46
Since your browser does not support JavaScript,
You do not have Javascript enabled.
Single Sign-Off
Seagate Login
2023-02-10 14:16:51
Since your browser does not support JavaScript,
You do not have Javascript enabled.
Single Sign-Off
Seagate Login
2023-02-10 14:17:56
Since your browser does not support JavaScript,
You do not have Javascript enabled.
Single Sign-Off
Seagate Login
2023-02-10 14:19:01
Since your browser does not support JavaScript,
You do not have Javascript enabled.
Single Sign-Off
Seagate Login
2023-02-10 14:20:06
Since your browser does not support JavaScript,
You do not have Javascript enabled.
Single Sign-Off
Seagate Login
2023-02-10 14:21:12
Since your browser does not support JavaScript,
You do not have Javascript enabled.
Single Sign-Off
Seagate Login
2023-02-10 14:22:17
Since your browser does not support JavaScript,
You do not have Javascript enabled.
Single Sign-Off
Seagate Login
2023-02-10 14:23:21
Since your browser does not support JavaScript,
You do not have Javascript enabled.
Single Sign-Off
Seagate Login
2023-02-10 14:24:27
Since your browser does not support JavaScript,
You do not have Javascript enabled.
Single Sign-Off
Seagate Login
2023-02-10 14:25:33
Since your browser does not support JavaScript,
You do not have Javascript enabled.
Single Sign-Off
Seagate Login
2023-02-10 14:26:39
Since your browser does not support JavaScript,
You do not have Javascript enabled.
Single Sign-Off
Seagate Login
2023-02-10 14:27:43
Since your browser does not support JavaScript,
You do not have Javascript enabled.
Single Sign-Off
Seagate Login
2023-02-10 14:28:48
Since your browser does not support JavaScript,
You do not have Javascript enabled.
Single Sign-Off
Seagate Login
2023-02-10 14:29:53
Since your browser does not support JavaScript,
You do not have Javascript enabled.
Single Sign-Off
Seagate Login
2023-02-10 14:31:00
Since your browser does not support JavaScript,
You do not have Javascript enabled.
Single Sign-Off
Seagate Login
2023-02-10 14:32:04
Since your browser does not support JavaScript,
You do not have Javascript enabled.
Single Sign-Off
Seagate Login
2023-02-10 14:33:10
Since your browser does not support JavaScript,
You do not have Javascript enabled.
Single Sign-Off
Seagate Login
2023-02-10 14:34:15
Since your browser does not support JavaScript,
You do not have Javascript enabled.
Single Sign-Off
Seagate Login
2023-02-10 14:35:20
Since your browser does not support JavaScript,
You do not have Javascript enabled.
Single Sign-Off
Seagate Login
2023-02-10 14:36:24
Since your browser does not support JavaScript,
You do not have Javascript enabled.
Single Sign-Off
Seagate Login
2023-02-10 14:37:29
Since your browser does not support JavaScript,
You do not have Javascript enabled.
Single Sign-Off
Seagate Login
2023-02-10 14:38:35
Since your browser does not support JavaScript,
You do not have Javascript enabled.
Single Sign-Off
Seagate Login
2023-02-10 14:39:39
Since your browser does not support JavaScript,
You do not have Javascript enabled.
Single Sign-Off
Seagate Login
2023-02-10 14:40:47
Since your browser does not support JavaScript,
You do not have Javascript enabled.
Single Sign-Off
Seagate Login
2023-02-10 14:41:52
Since your browser does not support JavaScript,
You do not have Javascript enabled.
Single Sign-Off
Seagate Login
2023-02-10 14:42:58
Since your browser does not support JavaScript,
You do not have Javascript enabled.
Single Sign-Off
Seagate Login
2023-02-10 14:44:03
Since your browser does not support JavaScript,
You do not have Javascript enabled.
Single Sign-Off
Seagate Login
2023-02-10 14:45:08
Since your browser does not support JavaScript,
You do not have Javascript enabled.
Single Sign-Off
Seagate Login
2023-02-10 14:46:14
Since your browser does not support JavaScript,
You do not have Javascript enabled.
Single Sign-Off
Seagate Login
2023-02-10 14:47:18
Since your browser does not support JavaScript,
You do not have Javascript enabled.
Single Sign-Off
Seagate Login
2023-02-10 14:48:24
Since your browser does not support JavaScript,
You do not have Javascript enabled.
Single Sign-Off
Seagate Login
2023-02-10 14:49:30
Since your browser does not support JavaScript,
You do not have Javascript enabled.
Single Sign-Off
Seagate Login
2023-02-10 14:50:44
Since your browser does not support JavaScript,
You do not have Javascript enabled.
Single Sign-Off
Seagate Login
2023-02-10 14:51:48
Since your browser does not support JavaScript,
You do not have Javascript enabled.
Single Sign-Off
Seagate Login
2023-02-10 14:52:55
Since your browser does not support JavaScript,
You do not have Javascript enabled.
Single Sign-Off
Seagate Login
2023-02-10 14:54:00
Since your browser does not support JavaScript,
You do not have Javascript enabled.
Single Sign-Off
Seagate Login
2023-02-10 14:55:05
Since your browser does not support JavaScript,
You do not have Javascript enabled.
Single Sign-Off
Seagate Login
2023-02-10 14:56:10
Since your browser does not support JavaScript,
You do not have Javascript enabled.
Single Sign-Off
Seagate Login
2023-02-10 14:57:14
Since your browser does not support JavaScript,
You do not have Javascript enabled.
Single Sign-Off
Seagate Login
2023-02-10 14:58:18
Since your browser does not support JavaScript,
You do not have Javascript enabled.
Single Sign-Off
Seagate Login
2023-02-10 14:59:24
Since your browser does not support JavaScript,
You do not have Javascript enabled.
Single Sign-Off
Seagate Login
2023-02-10 15:00:29
Since your browser does not support JavaScript,
You do not have Javascript enabled.
Single Sign-Off
Seagate Login
2023-02-10 15:01:35
Since your browser does not support JavaScript,
You do not have Javascript enabled.
Single Sign-Off
Seagate Login
2023-02-10 15:02:43
Since your browser does not support JavaScript,
You do not have Javascript enabled.
Single Sign-Off
Seagate Login
2023-02-10 15:03:47
Since your browser does not support JavaScript,
You do not have Javascript enabled.
Single Sign-Off
Seagate Login
2023-02-10 15:04:52
Since your browser does not support JavaScript,
You do not have Javascript enabled.
Single Sign-Off
Seagate Login
2023-02-10 15:05:58
Since your browser does not support JavaScript,
You do not have Javascript enabled.
Single Sign-Off
Seagate Login
2023-02-10 15:07:04
Since your browser does not support JavaScript,
You do not have Javascript enabled.
Single Sign-Off
Seagate Login
2023-02-10 15:08:08
Since your browser does not support JavaScript,
You do not have Javascript enabled.
Single Sign-Off
Seagate Login
2023-02-10 15:09:14
Since your browser does not support JavaScript,
You do not have Javascript enabled.
Single Sign-Off
Seagate Login
2023-02-10 15:10:19
Since your browser does not support JavaScript,
You do not have Javascript enabled.
Single Sign-Off
Seagate Login
2023-02-10 15:11:24
Since your browser does not support JavaScript,
You do not have Javascript enabled.
Single Sign-Off
Seagate Login
2023-02-10 15:12:29
Since your browser does not support JavaScript,
You do not have Javascript enabled.
Single Sign-Off
Seagate Login
2023-02-10 15:13:34
Since your browser does not support JavaScript,
You do not have Javascript enabled.
Single Sign-Off
Seagate Login
2023-02-10 15:14:41
Since your browser does not support JavaScript,
You do not have Javascript enabled.
Single Sign-Off
Seagate Login
2023-02-10 15:15:47
Since your browser does not support JavaScript,
You do not have Javascript enabled.
Single Sign-Off
Seagate Login
2023-02-10 15:16:53
Since your browser does not support JavaScript,
You do not have Javascript enabled.
Single Sign-Off
Seagate Login
2023-02-10 15:17:59
Since your browser does not support JavaScript,
You do not have Javascript enabled.
Single Sign-Off
Seagate Login
2023-02-10 15:19:05
Since your browser does not support JavaScript,
You do not have Javascript enabled.
Single Sign-Off
Seagate Login
2023-02-10 15:20:10
Since your browser does not support JavaScript,
You do not have Javascript enabled.
Single Sign-Off
Seagate Login
2023-02-10 15:21:14
Since your browser does not support JavaScript,
You do not have Javascript enabled.
Single Sign-Off
Seagate Login
2023-02-10 15:22:20
Since your browser does not support JavaScript,
You do not have Javascript enabled.
Single Sign-Off
Seagate Login
2023-02-10 15:23:26
Since your browser does not support JavaScript,
You do not have Javascript enabled.
Single Sign-Off
Seagate Login
2023-02-10 15:24:31
Since your browser does not support JavaScript,
You do not have Javascript enabled.
Single Sign-Off
Seagate Login
2023-02-10 15:25:36
Since your browser does not support JavaScript,
You do not have Javascript enabled.
Single Sign-Off
Seagate Login
2023-02-10 15:26:42
Since your browser does not support JavaScript,
You do not have Javascript enabled.
Single Sign-Off
Seagate Login
2023-02-10 15:27:48
Since your browser does not support JavaScript,
You do not have Javascript enabled.
Single Sign-Off
Seagate Login
2023-02-10 15:28:53
Since your browser does not support JavaScript,
You do not have Javascript enabled.
Single Sign-Off
Seagate Login
2023-02-10 15:30:01
Since your browser does not support JavaScript,
You do not have Javascript enabled.
Single Sign-Off
Seagate Login
2023-02-10 15:31:12
Since your browser does not support JavaScript,
You do not have Javascript enabled.
Single Sign-Off
Seagate Login
2023-02-10 15:32:19
Since your browser does not support JavaScript,
You do not have Javascript enabled.
Single Sign-Off
Seagate Login
2023-02-10 15:33:47
Since your browser does not support JavaScript,
You do not have Javascript enabled.
Single Sign-Off
Seagate Login
2023-02-10 15:34:53
Since your browser does not support JavaScript,
You do not have Javascript enabled.
Single Sign-Off
Seagate Login
2023-02-10 15:35:58
Since your browser does not support JavaScript,
You do not have Javascript enabled.
Single Sign-Off
Seagate Login
2023-02-10 15:37:03
Since your browser does not support JavaScript,
You do not have Javascript enabled.
Single Sign-Off
Seagate Login
2023-02-10 15:38:09
Since your browser does not support JavaScript,
You do not have Javascript enabled.
Single Sign-Off
Seagate Login
2023-02-10 15:39:15
Since your browser does not support JavaScript,
You do not have Javascript enabled.
Single Sign-Off
Seagate Login
2023-02-10 15:40:22
Since your browser does not support JavaScript,
You do not have Javascript enabled.
Single Sign-Off
Seagate Login
2023-02-10 15:41:30
Since your browser does not support JavaScript,
You do not have Javascript enabled.
Single Sign-Off
Seagate Login
2023-02-10 15:42:37
Since your browser does not support JavaScript,
You do not have Javascript enabled.
Single Sign-Off
Seagate Login
2023-02-10 15:43:43
Since your browser does not support JavaScript,
You do not have Javascript enabled.
Single Sign-Off
Seagate Login
2023-02-10 15:44:49
Since your browser does not support JavaScript,
You do not have Javascript enabled.
Single Sign-Off
Seagate Login
2023-02-10 15:45:54
Since your browser does not support JavaScript,
You do not have Javascript enabled.
Single Sign-Off
Seagate Login
2023-02-10 15:47:00
Since your browser does not support JavaScript,
You do not have Javascript enabled.
Single Sign-Off
Seagate Login
2023-02-10 15:48:05
Since your browser does not support JavaScript,
You do not have Javascript enabled.
Single Sign-Off
Seagate Login
2023-02-10 15:49:10
Since your browser does not support JavaScript,
You do not have Javascript enabled.
Single Sign-Off
Seagate Login
2023-02-10 15:50:15
Since your browser does not support JavaScript,
You do not have Javascript enabled.
Single Sign-Off
Seagate Login
2023-02-10 15:51:20
Since your browser does not support JavaScript,
You do not have Javascript enabled.
Single Sign-Off
Seagate Login
2023-02-10 15:52:24
Since your browser does not support JavaScript,
You do not have Javascript enabled.
Single Sign-Off
Seagate Login
2023-02-10 15:53:32
Since your browser does not support JavaScript,
You do not have Javascript enabled.
Single Sign-Off
Seagate Login
2023-02-10 15:54:37
Since your browser does not support JavaScript,
You do not have Javascript enabled.
Single Sign-Off
Seagate Login
2023-02-10 15:55:47
Since your browser does not support JavaScript,
You do not have Javascript enabled.
Single Sign-Off
Seagate Login
2023-02-10 15:56:52
Since your browser does not support JavaScript,
You do not have Javascript enabled.
Single Sign-Off
Seagate Login
2023-02-10 15:57:57
Since your browser does not support JavaScript,
You do not have Javascript enabled.
Single Sign-Off
Seagate Login
2023-02-10 15:59:02
Since your browser does not support JavaScript,
You do not have Javascript enabled.
Single Sign-Off
Seagate Login
2023-02-10 16:00:06
Since your browser does not support JavaScript,
You do not have Javascript enabled.
Single Sign-Off
Seagate Login
2023-02-10 16:01:13
Since your browser does not support JavaScript,
You do not have Javascript enabled.
Single Sign-Off
Seagate Login
2023-02-10 16:02:17
Since your browser does not support JavaScript,
You do not have Javascript enabled.
Single Sign-Off
Seagate Login
2023-02-10 16:03:24
Since your browser does not support JavaScript,
You do not have Javascript enabled.
Single Sign-Off
Seagate Login
2023-02-10 16:04:31
Since your browser does not support JavaScript,
You do not have Javascript enabled.
Single Sign-Off
Seagate Login
2023-02-10 16:05:37
Since your browser does not support JavaScript,
You do not have Javascript enabled.
Single Sign-Off
Seagate Login
2023-02-10 16:06:43
Since your browser does not support JavaScript,
You do not have Javascript enabled.
Single Sign-Off
Seagate Login
2023-02-10 16:07:49
Since your browser does not support JavaScript,
You do not have Javascript enabled.
Single Sign-Off
Seagate Login
2023-02-10 16:08:54
Since your browser does not support JavaScript,
You do not have Javascript enabled.
Single Sign-Off
Seagate Login
2023-02-10 16:09:59
Since your browser does not support JavaScript,
You do not have Javascript enabled.
Single Sign-Off
Seagate Login
2023-02-10 16:11:15
Since your browser does not support JavaScript,
You do not have Javascript enabled.
Single Sign-Off
Seagate Login
2023-02-10 16:12:20
Since your browser does not support JavaScript,
You do not have Javascript enabled.
Single Sign-Off
Seagate Login
2023-02-10 16:13:25
Since your browser does not support JavaScript,
You do not have Javascript enabled.
Single Sign-Off
Seagate Login
2023-02-10 16:14:31
Since your browser does not support JavaScript,
You do not have Javascript enabled.
Single Sign-Off
Seagate Login
2023-02-10 16:15:37
Since your browser does not support JavaScript,
You do not have Javascript enabled.
Single Sign-Off
Seagate Login
2023-02-10 20:16:04
Traceback (most recent call last):
  File "C:\Users\930259\AppData\Roaming\Python\Python310\site-packages\urllib3\connection.py", line 174, in _new_conn
    conn = connection.create_connection(
  File "C:\Users\930259\AppData\Roaming\Python\Python310\site-packages\urllib3\util\connection.py", line 95, in create_connection
    raise err
  File "C:\Users\930259\AppData\Roaming\Python\Python310\site-packages\urllib3\util\connection.py", line 85, in create_connection
    sock.connect(sa)
OSError: [WinError 10013] An attempt was made to access a socket in a way forbidden by its access permissions

During handling of the above exception, another exception occurred:

Traceback (most recent call last):
  File "C:\Users\930259\AppData\Roaming\Python\Python310\site-packages\urllib3\connectionpool.py", line 703, in urlopen
    httplib_response = self._make_request(
  File "C:\Users\930259\AppData\Roaming\Python\Python310\site-packages\urllib3\connectionpool.py", line 386, in _make_request
    self._validate_conn(conn)
  File "C:\Users\930259\AppData\Roaming\Python\Python310\site-packages\urllib3\connectionpool.py", line 1040, in _validate_conn
    conn.connect()
  File "C:\Users\930259\AppData\Roaming\Python\Python310\site-packages\urllib3\connection.py", line 358, in connect
    self.sock = conn = self._new_conn()
  File "C:\Users\930259\AppData\Roaming\Python\Python310\site-packages\urllib3\connection.py", line 186, in _new_conn
    raise NewConnectionError(
urllib3.exceptions.NewConnectionError: <urllib3.connection.HTTPSConnection object at 0x00000243F9E233D0>: Failed to establish a new connection: [WinError 10013] An attempt was made to access a socket in a way forbidden by its access permissions

During handling of the above exception, another exception occurred:

Traceback (most recent call last):
  File "C:\Users\930259\AppData\Roaming\Python\Python310\site-packages\requests\adapters.py", line 440, in send
    resp = conn.urlopen(
  File "C:\Users\930259\AppData\Roaming\Python\Python310\site-packages\urllib3\connectionpool.py", line 785, in urlopen
    retries = retries.increment(
  File "C:\Users\930259\AppData\Roaming\Python\Python310\site-packages\urllib3\util\retry.py", line 592, in increment
    raise MaxRetryError(_pool, url, error or ResponseError(cause))
urllib3.exceptions.MaxRetryError: HTTPSConnectionPool(host='www.lacie.com', port=443): Max retries exceeded with url: /ww/secure/partner-redirect?newPage=true (Caused by NewConnectionError('<urllib3.connection.HTTPSConnection object at 0x00000243F9E233D0>: Failed to establish a new connection: [WinError 10013] An attempt was made to access a socket in a way forbidden by its access permissions'))

During handling of the above exception, another exception occurred:

Traceback (most recent call last):
  File "C:\Users\930259\Downloads\DEV\curl\curl_script.py", line 55, in <module>
    response = session.post(url, data=data, verify=False)
  File "C:\Users\930259\AppData\Roaming\Python\Python310\site-packages\requests\sessions.py", line 577, in post
    return self.request('POST', url, data=data, json=json, **kwargs)
  File "C:\Users\930259\AppData\Roaming\Python\Python310\site-packages\requests\sessions.py", line 529, in request
    resp = self.send(prep, **send_kwargs)
  File "C:\Users\930259\AppData\Roaming\Python\Python310\site-packages\requests\sessions.py", line 667, in send
    history = [resp for resp in gen]
  File "C:\Users\930259\AppData\Roaming\Python\Python310\site-packages\requests\sessions.py", line 667, in <listcomp>
    history = [resp for resp in gen]
  File "C:\Users\930259\AppData\Roaming\Python\Python310\site-packages\requests\sessions.py", line 237, in resolve_redirects
    resp = self.send(
  File "C:\Users\930259\AppData\Roaming\Python\Python310\site-packages\requests\sessions.py", line 645, in send
    r = adapter.send(request, **kwargs)
  File "C:\Users\930259\AppData\Roaming\Python\Python310\site-packages\requests\adapters.py", line 519, in send
    raise ConnectionError(e, request=request)
requests.exceptions.ConnectionError: HTTPSConnectionPool(host='www.lacie.com', port=443): Max retries exceeded with url: /ww/secure/partner-redirect?newPage=true (Caused by NewConnectionError('<urllib3.connection.HTTPSConnection object at 0x00000243F9E233D0>: Failed to establish a new connection: [WinError 10013] An attempt was made to access a socket in a way forbidden by its access permissions'))
2023-02-10 20:17:07
Traceback (most recent call last):
  File "C:\Users\930259\AppData\Roaming\Python\Python310\site-packages\urllib3\connection.py", line 174, in _new_conn
    conn = connection.create_connection(
  File "C:\Users\930259\AppData\Roaming\Python\Python310\site-packages\urllib3\util\connection.py", line 95, in create_connection
    raise err
  File "C:\Users\930259\AppData\Roaming\Python\Python310\site-packages\urllib3\util\connection.py", line 85, in create_connection
    sock.connect(sa)
OSError: [WinError 10013] An attempt was made to access a socket in a way forbidden by its access permissions

During handling of the above exception, another exception occurred:

Traceback (most recent call last):
  File "C:\Users\930259\AppData\Roaming\Python\Python310\site-packages\urllib3\connectionpool.py", line 703, in urlopen
    httplib_response = self._make_request(
  File "C:\Users\930259\AppData\Roaming\Python\Python310\site-packages\urllib3\connectionpool.py", line 386, in _make_request
    self._validate_conn(conn)
  File "C:\Users\930259\AppData\Roaming\Python\Python310\site-packages\urllib3\connectionpool.py", line 1040, in _validate_conn
    conn.connect()
  File "C:\Users\930259\AppData\Roaming\Python\Python310\site-packages\urllib3\connection.py", line 358, in connect
    self.sock = conn = self._new_conn()
  File "C:\Users\930259\AppData\Roaming\Python\Python310\site-packages\urllib3\connection.py", line 186, in _new_conn
    raise NewConnectionError(
urllib3.exceptions.NewConnectionError: <urllib3.connection.HTTPSConnection object at 0x00000272187D33D0>: Failed to establish a new connection: [WinError 10013] An attempt was made to access a socket in a way forbidden by its access permissions

During handling of the above exception, another exception occurred:

Traceback (most recent call last):
  File "C:\Users\930259\AppData\Roaming\Python\Python310\site-packages\requests\adapters.py", line 440, in send
    resp = conn.urlopen(
  File "C:\Users\930259\AppData\Roaming\Python\Python310\site-packages\urllib3\connectionpool.py", line 785, in urlopen
    retries = retries.increment(
  File "C:\Users\930259\AppData\Roaming\Python\Python310\site-packages\urllib3\util\retry.py", line 592, in increment
    raise MaxRetryError(_pool, url, error or ResponseError(cause))
urllib3.exceptions.MaxRetryError: HTTPSConnectionPool(host='www.lacie.com', port=443): Max retries exceeded with url: /ww/secure/partner-redirect?newPage=true (Caused by NewConnectionError('<urllib3.connection.HTTPSConnection object at 0x00000272187D33D0>: Failed to establish a new connection: [WinError 10013] An attempt was made to access a socket in a way forbidden by its access permissions'))

During handling of the above exception, another exception occurred:

Traceback (most recent call last):
  File "C:\Users\930259\Downloads\DEV\curl\curl_script.py", line 55, in <module>
    response = session.post(url, data=data, verify=False)
  File "C:\Users\930259\AppData\Roaming\Python\Python310\site-packages\requests\sessions.py", line 577, in post
    return self.request('POST', url, data=data, json=json, **kwargs)
  File "C:\Users\930259\AppData\Roaming\Python\Python310\site-packages\requests\sessions.py", line 529, in request
    resp = self.send(prep, **send_kwargs)
  File "C:\Users\930259\AppData\Roaming\Python\Python310\site-packages\requests\sessions.py", line 667, in send
    history = [resp for resp in gen]
  File "C:\Users\930259\AppData\Roaming\Python\Python310\site-packages\requests\sessions.py", line 667, in <listcomp>
    history = [resp for resp in gen]
  File "C:\Users\930259\AppData\Roaming\Python\Python310\site-packages\requests\sessions.py", line 237, in resolve_redirects
    resp = self.send(
  File "C:\Users\930259\AppData\Roaming\Python\Python310\site-packages\requests\sessions.py", line 645, in send
    r = adapter.send(request, **kwargs)
  File "C:\Users\930259\AppData\Roaming\Python\Python310\site-packages\requests\adapters.py", line 519, in send
    raise ConnectionError(e, request=request)
requests.exceptions.ConnectionError: HTTPSConnectionPool(host='www.lacie.com', port=443): Max retries exceeded with url: /ww/secure/partner-redirect?newPage=true (Caused by NewConnectionError('<urllib3.connection.HTTPSConnection object at 0x00000272187D33D0>: Failed to establish a new connection: [WinError 10013] An attempt was made to access a socket in a way forbidden by its access permissions'))
2023-02-10 20:18:07
Traceback (most recent call last):
  File "C:\Users\930259\AppData\Roaming\Python\Python310\site-packages\urllib3\connection.py", line 174, in _new_conn
    conn = connection.create_connection(
  File "C:\Users\930259\AppData\Roaming\Python\Python310\site-packages\urllib3\util\connection.py", line 95, in create_connection
    raise err
  File "C:\Users\930259\AppData\Roaming\Python\Python310\site-packages\urllib3\util\connection.py", line 85, in create_connection
    sock.connect(sa)
OSError: [WinError 10013] An attempt was made to access a socket in a way forbidden by its access permissions

During handling of the above exception, another exception occurred:

Traceback (most recent call last):
  File "C:\Users\930259\AppData\Roaming\Python\Python310\site-packages\urllib3\connectionpool.py", line 703, in urlopen
    httplib_response = self._make_request(
  File "C:\Users\930259\AppData\Roaming\Python\Python310\site-packages\urllib3\connectionpool.py", line 386, in _make_request
    self._validate_conn(conn)
  File "C:\Users\930259\AppData\Roaming\Python\Python310\site-packages\urllib3\connectionpool.py", line 1040, in _validate_conn
    conn.connect()
  File "C:\Users\930259\AppData\Roaming\Python\Python310\site-packages\urllib3\connection.py", line 358, in connect
    self.sock = conn = self._new_conn()
  File "C:\Users\930259\AppData\Roaming\Python\Python310\site-packages\urllib3\connection.py", line 186, in _new_conn
    raise NewConnectionError(
urllib3.exceptions.NewConnectionError: <urllib3.connection.HTTPSConnection object at 0x0000024A1E8733D0>: Failed to establish a new connection: [WinError 10013] An attempt was made to access a socket in a way forbidden by its access permissions

During handling of the above exception, another exception occurred:

Traceback (most recent call last):
  File "C:\Users\930259\AppData\Roaming\Python\Python310\site-packages\requests\adapters.py", line 440, in send
    resp = conn.urlopen(
  File "C:\Users\930259\AppData\Roaming\Python\Python310\site-packages\urllib3\connectionpool.py", line 785, in urlopen
    retries = retries.increment(
  File "C:\Users\930259\AppData\Roaming\Python\Python310\site-packages\urllib3\util\retry.py", line 592, in increment
    raise MaxRetryError(_pool, url, error or ResponseError(cause))
urllib3.exceptions.MaxRetryError: HTTPSConnectionPool(host='www.lacie.com', port=443): Max retries exceeded with url: /ww/secure/partner-redirect?newPage=true (Caused by NewConnectionError('<urllib3.connection.HTTPSConnection object at 0x0000024A1E8733D0>: Failed to establish a new connection: [WinError 10013] An attempt was made to access a socket in a way forbidden by its access permissions'))

During handling of the above exception, another exception occurred:

Traceback (most recent call last):
  File "C:\Users\930259\Downloads\DEV\curl\curl_script.py", line 55, in <module>
    response = session.post(url, data=data, verify=False)
  File "C:\Users\930259\AppData\Roaming\Python\Python310\site-packages\requests\sessions.py", line 577, in post
    return self.request('POST', url, data=data, json=json, **kwargs)
  File "C:\Users\930259\AppData\Roaming\Python\Python310\site-packages\requests\sessions.py", line 529, in request
    resp = self.send(prep, **send_kwargs)
  File "C:\Users\930259\AppData\Roaming\Python\Python310\site-packages\requests\sessions.py", line 667, in send
    history = [resp for resp in gen]
  File "C:\Users\930259\AppData\Roaming\Python\Python310\site-packages\requests\sessions.py", line 667, in <listcomp>
    history = [resp for resp in gen]
  File "C:\Users\930259\AppData\Roaming\Python\Python310\site-packages\requests\sessions.py", line 237, in resolve_redirects
    resp = self.send(
  File "C:\Users\930259\AppData\Roaming\Python\Python310\site-packages\requests\sessions.py", line 645, in send
    r = adapter.send(request, **kwargs)
  File "C:\Users\930259\AppData\Roaming\Python\Python310\site-packages\requests\adapters.py", line 519, in send
    raise ConnectionError(e, request=request)
requests.exceptions.ConnectionError: HTTPSConnectionPool(host='www.lacie.com', port=443): Max retries exceeded with url: /ww/secure/partner-redirect?newPage=true (Caused by NewConnectionError('<urllib3.connection.HTTPSConnection object at 0x0000024A1E8733D0>: Failed to establish a new connection: [WinError 10013] An attempt was made to access a socket in a way forbidden by its access permissions'))
2023-02-10 20:19:08
Since your browser does not support JavaScript,
You do not have Javascript enabled.
Single Sign-Off
Seagate Login
2023-02-10 20:20:14
Since your browser does not support JavaScript,
You do not have Javascript enabled.
Single Sign-Off
Seagate Login
2023-02-10 20:21:18
Since your browser does not support JavaScript,
You do not have Javascript enabled.
Single Sign-Off
Seagate Login
